Analysis & Synthesis report for text_editor
Thu Jun 07 10:50:59 2018
Quartus II Version 9.1 Build 350 03/24/2010 Service Pack 2 SJ Web Edition


---------------------
; Table of Contents ;
---------------------
  1. Legal Notice
  2. Analysis & Synthesis Summary
  3. Analysis & Synthesis Settings
  4. Parallel Compilation
  5. Analysis & Synthesis Source Files Read
  6. Analysis & Synthesis Resource Usage Summary
  7. Analysis & Synthesis Resource Utilization by Entity
  8. Analysis & Synthesis RAM Summary
  9. General Register Statistics
 10. Inverted Register Statistics
 11. Multiplexer Restructuring Statistics (Restructuring Performed)
 12. Source assignments for Char_ROM:inst7|LPM_ROM:char_gen_rom|altrom:srom|altsyncram:rom_block|altsyncram_6401:auto_generated
 13. Parameter Settings for User Entity Instance: VGA_SYNC:inst8|video_PLL:video_PLL_inst|altpll:altpll_component
 14. Parameter Settings for User Entity Instance: Char_ROM:inst7|LPM_ROM:char_gen_rom
 15. Parameter Settings for User Entity Instance: keyboard_to_char_addr:inst|control_module:inst1|dflop:sreg
 16. altpll Parameter Settings by Entity Instance
 17. Port Connectivity Checks: "keyboard_to_char_addr:inst|control_module:inst1|dflop:sreg"
 18. Analysis & Synthesis Messages



----------------
; Legal Notice ;
----------------
Copyright (C) 1991-2010 Altera Corporation
Your use of Altera Corporation's design tools, logic functions 
and other software and tools, and its AMPP partner logic 
functions, and any output files from any of the foregoing 
(including device programming or simulation files), and any 
associated documentation or information are expressly subject 
to the terms and conditions of the Altera Program License 
Subscription Agreement, Altera MegaCore Function License 
Agreement, or other applicable license agreement, including, 
without limitation, that your use is for the sole purpose of 
programming logic devices manufactured by Altera and sold by 
Altera or its authorized distributors.  Please refer to the 
applicable agreement for further details.



+-----------------------------------------------------------------------------------+
; Analysis & Synthesis Summary                                                      ;
+------------------------------------+----------------------------------------------+
; Analysis & Synthesis Status        ; Successful - Thu Jun 07 10:50:59 2018        ;
; Quartus II Version                 ; 9.1 Build 350 03/24/2010 SP 2 SJ Web Edition ;
; Revision Name                      ; text_editor                                  ;
; Top-level Entity Name              ; text_editor                                  ;
; Family                             ; Cyclone II                                   ;
; Total logic elements               ; 13,480                                       ;
;     Total combinational functions  ; 6,223                                        ;
;     Dedicated logic registers      ; 7,311                                        ;
; Total registers                    ; 7311                                         ;
; Total pins                         ; 13                                           ;
; Total virtual pins                 ; 0                                            ;
; Total memory bits                  ; 4,096                                        ;
; Embedded Multiplier 9-bit elements ; 0                                            ;
; Total PLLs                         ; 1                                            ;
+------------------------------------+----------------------------------------------+


+----------------------------------------------------------------------------------------------------------------------+
; Analysis & Synthesis Settings                                                                                        ;
+----------------------------------------------------------------------------+--------------------+--------------------+
; Option                                                                     ; Setting            ; Default Value      ;
+----------------------------------------------------------------------------+--------------------+--------------------+
; Device                                                                     ; EP2C35F672C6       ;                    ;
; Top-level entity name                                                      ; text_editor        ; text_editor        ;
; Family name                                                                ; Cyclone II         ; Stratix II         ;
; Use Generated Physical Constraints File                                    ; Off                ;                    ;
; Use smart compilation                                                      ; Off                ; Off                ;
; Enable parallel Assembler and TimeQuest Timing Analyzer during compilation ; On                 ; On                 ;
; Enable compact report table                                                ; Off                ; Off                ;
; Restructure Multiplexers                                                   ; Auto               ; Auto               ;
; Create Debugging Nodes for IP Cores                                        ; Off                ; Off                ;
; Preserve fewer node names                                                  ; On                 ; On                 ;
; Disable OpenCore Plus hardware evaluation                                  ; Off                ; Off                ;
; Verilog Version                                                            ; Verilog_2001       ; Verilog_2001       ;
; VHDL Version                                                               ; VHDL_1993          ; VHDL_1993          ;
; State Machine Processing                                                   ; Auto               ; Auto               ;
; Safe State Machine                                                         ; Off                ; Off                ;
; Extract Verilog State Machines                                             ; On                 ; On                 ;
; Extract VHDL State Machines                                                ; On                 ; On                 ;
; Ignore Verilog initial constructs                                          ; Off                ; Off                ;
; Iteration limit for constant Verilog loops                                 ; 5000               ; 5000               ;
; Iteration limit for non-constant Verilog loops                             ; 250                ; 250                ;
; Add Pass-Through Logic to Inferred RAMs                                    ; On                 ; On                 ;
; Parallel Synthesis                                                         ; On                 ; On                 ;
; DSP Block Balancing                                                        ; Auto               ; Auto               ;
; NOT Gate Push-Back                                                         ; On                 ; On                 ;
; Power-Up Don't Care                                                        ; On                 ; On                 ;
; Remove Redundant Logic Cells                                               ; Off                ; Off                ;
; Remove Duplicate Registers                                                 ; On                 ; On                 ;
; Ignore CARRY Buffers                                                       ; Off                ; Off                ;
; Ignore CASCADE Buffers                                                     ; Off                ; Off                ;
; Ignore GLOBAL Buffers                                                      ; Off                ; Off                ;
; Ignore ROW GLOBAL Buffers                                                  ; Off                ; Off                ;
; Ignore LCELL Buffers                                                       ; Off                ; Off                ;
; Ignore SOFT Buffers                                                        ; On                 ; On                 ;
; Limit AHDL Integers to 32 Bits                                             ; Off                ; Off                ;
; Optimization Technique                                                     ; Balanced           ; Balanced           ;
; Carry Chain Length                                                         ; 70                 ; 70                 ;
; Auto Carry Chains                                                          ; On                 ; On                 ;
; Auto Open-Drain Pins                                                       ; On                 ; On                 ;
; Perform WYSIWYG Primitive Resynthesis                                      ; Off                ; Off                ;
; Auto ROM Replacement                                                       ; On                 ; On                 ;
; Auto RAM Replacement                                                       ; On                 ; On                 ;
; Auto Shift Register Replacement                                            ; Auto               ; Auto               ;
; Auto Clock Enable Replacement                                              ; On                 ; On                 ;
; Strict RAM Replacement                                                     ; Off                ; Off                ;
; Allow Synchronous Control Signals                                          ; On                 ; On                 ;
; Force Use of Synchronous Clear Signals                                     ; Off                ; Off                ;
; Auto RAM to Logic Cell Conversion                                          ; Off                ; Off                ;
; Auto Resource Sharing                                                      ; Off                ; Off                ;
; Allow Any RAM Size For Recognition                                         ; Off                ; Off                ;
; Allow Any ROM Size For Recognition                                         ; Off                ; Off                ;
; Allow Any Shift Register Size For Recognition                              ; Off                ; Off                ;
; Use LogicLock Constraints during Resource Balancing                        ; On                 ; On                 ;
; Ignore translate_off and synthesis_off directives                          ; Off                ; Off                ;
; Timing-Driven Synthesis                                                    ; Off                ; Off                ;
; Show Parameter Settings Tables in Synthesis Report                         ; On                 ; On                 ;
; Ignore Maximum Fan-Out Assignments                                         ; Off                ; Off                ;
; Synchronization Register Chain Length                                      ; 2                  ; 2                  ;
; PowerPlay Power Optimization                                               ; Normal compilation ; Normal compilation ;
; HDL message level                                                          ; Level2             ; Level2             ;
; Suppress Register Optimization Related Messages                            ; Off                ; Off                ;
; Number of Removed Registers Reported in Synthesis Report                   ; 5000               ; 5000               ;
; Number of Inverted Registers Reported in Synthesis Report                  ; 100                ; 100                ;
; Clock MUX Protection                                                       ; On                 ; On                 ;
; Auto Gated Clock Conversion                                                ; Off                ; Off                ;
; Block Design Naming                                                        ; Auto               ; Auto               ;
; SDC constraint protection                                                  ; Off                ; Off                ;
; Synthesis Effort                                                           ; Auto               ; Auto               ;
; Shift Register Replacement - Allow Asynchronous Clear Signal               ; On                 ; On                 ;
; Analysis & Synthesis Message Level                                         ; Medium             ; Medium             ;
; Disable Register Merging Across Hierarchies                                ; Auto               ; Auto               ;
; Resource Aware Inference For Block RAM                                     ; On                 ; On                 ;
+----------------------------------------------------------------------------+--------------------+--------------------+


Parallel compilation was disabled, but you have multiple processors available. Enable parallel compilation to reduce compilation time.
+-------------------------------------+
; Parallel Compilation                ;
+----------------------------+--------+
; Processors                 ; Number ;
+----------------------------+--------+
; Number detected on machine ; 4      ;
; Maximum allowed            ; 1      ;
+----------------------------+--------+


+----------------------------------------------------------------------------------------------------------------------------------------------------------+
; Analysis & Synthesis Source Files Read                                                                                                                   ;
+----------------------------------+-----------------+------------------------------------+----------------------------------------------------------------+
; File Name with User-Entered Path ; Used in Netlist ; File Type                          ; File Name with Absolute Path                                   ;
+----------------------------------+-----------------+------------------------------------+----------------------------------------------------------------+
; DE2Core/CHAR_ROM.VHD             ; yes             ; User VHDL File                     ; E:/ECE-318 Design Project/DE2Core/CHAR_ROM.VHD                 ;
; DE2Core/VGA_SYNC.VHD             ; yes             ; User VHDL File                     ; E:/ECE-318 Design Project/DE2Core/VGA_SYNC.VHD                 ;
; DE2Core/video_PLL.vhd            ; yes             ; User Wizard-Generated File         ; E:/ECE-318 Design Project/DE2Core/video_PLL.vhd                ;
; lab4/control_module.vhd          ; yes             ; User VHDL File                     ; E:/ECE-318 Design Project/lab4/control_module.vhd              ;
; DE2Core/KEYBOARD.VHD             ; yes             ; User VHDL File                     ; E:/ECE-318 Design Project/DE2Core/KEYBOARD.VHD                 ;
; text_editor.bdf                  ; yes             ; User Block Diagram/Schematic File  ; E:/ECE-318 Design Project/text_editor.bdf                      ;
; lab4/compare.vhd                 ; yes             ; User VHDL File                     ; E:/ECE-318 Design Project/lab4/compare.vhd                     ;
; lab4/dflop.vhd                   ; yes             ; User VHDL File                     ; E:/ECE-318 Design Project/lab4/dflop.vhd                       ;
; lab4/reg8.vhd                    ; yes             ; User VHDL File                     ; E:/ECE-318 Design Project/lab4/reg8.vhd                        ;
; code_to_char_addr.vhd            ; yes             ; User VHDL File                     ; E:/ECE-318 Design Project/code_to_char_addr.vhd                ;
; keyboard_to_char_addr.bdf        ; yes             ; User Block Diagram/Schematic File  ; E:/ECE-318 Design Project/keyboard_to_char_addr.bdf            ;
; display_memory.vhd               ; yes             ; User VHDL File                     ; E:/ECE-318 Design Project/display_memory.vhd                   ;
; counter.vhd                      ; yes             ; User VHDL File                     ; E:/ECE-318 Design Project/counter.vhd                          ;
; TCGROM.MIF                       ; yes             ; User Memory Initialization File    ; E:/ECE-318 Design Project/TCGROM.MIF                           ;
; backspace_or_enter.vhd           ; yes             ; User VHDL File                     ; E:/ECE-318 Design Project/backspace_or_enter.vhd               ;
; altpll.tdf                       ; yes             ; Megafunction                       ; c:/altera/91sp2/quartus/libraries/megafunctions/altpll.tdf     ;
; lpm_rom.tdf                      ; yes             ; Megafunction                       ; c:/altera/91sp2/quartus/libraries/megafunctions/lpm_rom.tdf    ;
; altrom.tdf                       ; yes             ; Megafunction                       ; c:/altera/91sp2/quartus/libraries/megafunctions/altrom.tdf     ;
; altsyncram.tdf                   ; yes             ; Megafunction                       ; c:/altera/91sp2/quartus/libraries/megafunctions/altsyncram.tdf ;
; db/altsyncram_6401.tdf           ; yes             ; Auto-Generated Megafunction        ; E:/ECE-318 Design Project/db/altsyncram_6401.tdf               ;
+----------------------------------+-----------------+------------------------------------+----------------------------------------------------------------+


+------------------------------------------------------+
; Analysis & Synthesis Resource Usage Summary          ;
+---------------------------------------------+--------+
; Resource                                    ; Usage  ;
+---------------------------------------------+--------+
; Estimated Total logic elements              ; 13,480 ;
;                                             ;        ;
; Total combinational functions               ; 6223   ;
; Logic element usage by number of LUT inputs ;        ;
;     -- 4 input functions                    ; 6149   ;
;     -- 3 input functions                    ; 30     ;
;     -- <=2 input functions                  ; 44     ;
;                                             ;        ;
; Logic elements by mode                      ;        ;
;     -- normal mode                          ; 6195   ;
;     -- arithmetic mode                      ; 28     ;
;                                             ;        ;
; Total registers                             ; 7311   ;
;     -- Dedicated logic registers            ; 7311   ;
;     -- I/O registers                        ; 0      ;
;                                             ;        ;
; I/O pins                                    ; 13     ;
; Total memory bits                           ; 4096   ;
; Total PLLs                                  ; 1      ;
; Maximum fan-out node                        ; KEY[3] ;
; Maximum fan-out                             ; 7270   ;
; Total fan-out                               ; 54004  ;
; Average fan-out                             ; 3.98   ;
+---------------------------------------------+--------+


+-----------------------------------------------------------------------------------------------------------------------------------------------------------------------------------------------------------------------------------------------------------------------------------------------+
; Analysis & Synthesis Resource Utilization by Entity                                                                                                                                                                                                                                           ;
+-------------------------------------------------+-------------------+--------------+-------------+--------------+---------+-----------+------+--------------+------------------------------------------------------------------------------------------------------------------+--------------+
; Compilation Hierarchy Node                      ; LC Combinationals ; LC Registers ; Memory Bits ; DSP Elements ; DSP 9x9 ; DSP 18x18 ; Pins ; Virtual Pins ; Full Hierarchy Name                                                                                              ; Library Name ;
+-------------------------------------------------+-------------------+--------------+-------------+--------------+---------+-----------+------+--------------+------------------------------------------------------------------------------------------------------------------+--------------+
; |text_editor                                    ; 6223 (1)          ; 7311 (0)     ; 4096        ; 0            ; 0       ; 0         ; 13   ; 0            ; |text_editor                                                                                                     ; work         ;
;    |Char_ROM:inst7|                             ; 4 (4)             ; 0 (0)        ; 4096        ; 0            ; 0       ; 0         ; 0    ; 0            ; |text_editor|Char_ROM:inst7                                                                                      ;              ;
;       |lpm_rom:char_gen_rom|                    ; 0 (0)             ; 0 (0)        ; 4096        ; 0            ; 0       ; 0         ; 0    ; 0            ; |text_editor|Char_ROM:inst7|lpm_rom:char_gen_rom                                                                 ;              ;
;          |altrom:srom|                          ; 0 (0)             ; 0 (0)        ; 4096        ; 0            ; 0       ; 0         ; 0    ; 0            ; |text_editor|Char_ROM:inst7|lpm_rom:char_gen_rom|altrom:srom                                                     ;              ;
;             |altsyncram:rom_block|              ; 0 (0)             ; 0 (0)        ; 4096        ; 0            ; 0       ; 0         ; 0    ; 0            ; |text_editor|Char_ROM:inst7|lpm_rom:char_gen_rom|altrom:srom|altsyncram:rom_block                                ;              ;
;                |altsyncram_6401:auto_generated| ; 0 (0)             ; 0 (0)        ; 4096        ; 0            ; 0       ; 0         ; 0    ; 0            ; |text_editor|Char_ROM:inst7|lpm_rom:char_gen_rom|altrom:srom|altsyncram:rom_block|altsyncram_6401:auto_generated ;              ;
;    |VGA_SYNC:inst8|                             ; 47 (47)           ; 46 (46)      ; 0           ; 0            ; 0       ; 0         ; 0    ; 0            ; |text_editor|VGA_SYNC:inst8                                                                                      ;              ;
;       |video_PLL:video_PLL_inst|                ; 0 (0)             ; 0 (0)        ; 0           ; 0            ; 0       ; 0         ; 0    ; 0            ; |text_editor|VGA_SYNC:inst8|video_PLL:video_PLL_inst                                                             ;              ;
;          |altpll:altpll_component|              ; 0 (0)             ; 0 (0)        ; 0           ; 0            ; 0       ; 0         ; 0    ; 0            ; |text_editor|VGA_SYNC:inst8|video_PLL:video_PLL_inst|altpll:altpll_component                                     ;              ;
;    |counter:inst2|                              ; 24 (24)           ; 12 (12)      ; 0           ; 0            ; 0       ; 0         ; 0    ; 0            ; |text_editor|counter:inst2                                                                                       ;              ;
;    |display_memory:inst1|                       ; 6069 (6069)       ; 7200 (7200)  ; 0           ; 0            ; 0       ; 0         ; 0    ; 0            ; |text_editor|display_memory:inst1                                                                                ;              ;
;    |keyboard_to_char_addr:inst|                 ; 78 (0)            ; 53 (0)       ; 0           ; 0            ; 0       ; 0         ; 0    ; 0            ; |text_editor|keyboard_to_char_addr:inst                                                                          ;              ;
;       |COMPARE:inst|                            ; 5 (5)             ; 0 (0)        ; 0           ; 0            ; 0       ; 0         ; 0    ; 0            ; |text_editor|keyboard_to_char_addr:inst|COMPARE:inst                                                             ;              ;
;       |backspace_or_enter:inst2|                ; 5 (5)             ; 0 (0)        ; 0           ; 0            ; 0       ; 0         ; 0    ; 0            ; |text_editor|keyboard_to_char_addr:inst|backspace_or_enter:inst2                                                 ;              ;
;       |code_to_char_addr:inst18|                ; 45 (45)           ; 0 (0)        ; 0           ; 0            ; 0       ; 0         ; 0    ; 0            ; |text_editor|keyboard_to_char_addr:inst|code_to_char_addr:inst18                                                 ;              ;
;       |control_module:inst1|                    ; 6 (6)             ; 3 (0)        ; 0           ; 0            ; 0       ; 0         ; 0    ; 0            ; |text_editor|keyboard_to_char_addr:inst|control_module:inst1                                                     ;              ;
;          |dflop:sreg|                           ; 0 (0)             ; 3 (3)        ; 0           ; 0            ; 0       ; 0         ; 0    ; 0            ; |text_editor|keyboard_to_char_addr:inst|control_module:inst1|dflop:sreg                                          ;              ;
;       |keyboard:inst7|                          ; 17 (17)           ; 34 (34)      ; 0           ; 0            ; 0       ; 0         ; 0    ; 0            ; |text_editor|keyboard_to_char_addr:inst|keyboard:inst7                                                           ;              ;
;       |reg8:inst13|                             ; 0 (0)             ; 8 (8)        ; 0           ; 0            ; 0       ; 0         ; 0    ; 0            ; |text_editor|keyboard_to_char_addr:inst|reg8:inst13                                                              ;              ;
;       |reg8:inst14|                             ; 0 (0)             ; 8 (8)        ; 0           ; 0            ; 0       ; 0         ; 0    ; 0            ; |text_editor|keyboard_to_char_addr:inst|reg8:inst14                                                              ;              ;
+-------------------------------------------------+-------------------+--------------+-------------+--------------+---------+-----------+------+--------------+------------------------------------------------------------------------------------------------------------------+--------------+
Note: For table entries with two numbers listed, the numbers in parentheses indicate the number of resources of the given type used by the specific entity alone. The numbers listed outside of parentheses indicate the total resources of the given type used by the specific entity and all of its sub-entities in the hierarchy.


+--------------------------------------------------------------------------------------------------------------------------------------------------------------------------------------------------------------+
; Analysis & Synthesis RAM Summary                                                                                                                                                                             ;
+----------------------------------------------------------------------------------------------------------------+------+------+--------------+--------------+--------------+--------------+------+------------+
; Name                                                                                                           ; Type ; Mode ; Port A Depth ; Port A Width ; Port B Depth ; Port B Width ; Size ; MIF        ;
+----------------------------------------------------------------------------------------------------------------+------+------+--------------+--------------+--------------+--------------+------+------------+
; Char_ROM:inst7|lpm_rom:char_gen_rom|altrom:srom|altsyncram:rom_block|altsyncram_6401:auto_generated|ALTSYNCRAM ; AUTO ; ROM  ; 512          ; 8            ; --           ; --           ; 4096 ; tcgrom.mif ;
+----------------------------------------------------------------------------------------------------------------+------+------+--------------+--------------+--------------+--------------+------+------------+


+------------------------------------------------------+
; General Register Statistics                          ;
+----------------------------------------------+-------+
; Statistic                                    ; Value ;
+----------------------------------------------+-------+
; Total registers                              ; 7311  ;
; Number of registers using Synchronous Clear  ; 18    ;
; Number of registers using Synchronous Load   ; 6     ;
; Number of registers using Asynchronous Clear ; 7232  ;
; Number of registers using Asynchronous Load  ; 0     ;
; Number of registers using Clock Enable       ; 7263  ;
; Number of registers using Preset             ; 0     ;
+----------------------------------------------+-------+


+------------------------------------------------------+
; Inverted Register Statistics                         ;
+--------------------------------------------+---------+
; Inverted Register                          ; Fan out ;
+--------------------------------------------+---------+
; display_memory:inst1|memory[22][37][5]     ; 1       ;
; display_memory:inst1|memory[22][21][5]     ; 1       ;
; display_memory:inst1|memory[22][5][5]      ; 1       ;
; display_memory:inst1|memory[22][13][5]     ; 1       ;
; display_memory:inst1|memory[22][25][5]     ; 1       ;
; display_memory:inst1|memory[22][17][5]     ; 1       ;
; display_memory:inst1|memory[22][33][5]     ; 1       ;
; display_memory:inst1|memory[22][1][5]      ; 1       ;
; display_memory:inst1|memory[22][9][5]      ; 1       ;
; display_memory:inst1|memory[22][29][5]     ; 1       ;
; display_memory:inst1|memory[22][26][5]     ; 1       ;
; display_memory:inst1|memory[22][38][5]     ; 1       ;
; display_memory:inst1|memory[22][22][5]     ; 1       ;
; display_memory:inst1|memory[22][6][5]      ; 1       ;
; display_memory:inst1|memory[22][14][5]     ; 1       ;
; display_memory:inst1|memory[22][18][5]     ; 1       ;
; display_memory:inst1|memory[22][34][5]     ; 1       ;
; display_memory:inst1|memory[22][2][5]      ; 1       ;
; display_memory:inst1|memory[22][10][5]     ; 1       ;
; display_memory:inst1|memory[22][30][5]     ; 1       ;
; display_memory:inst1|memory[22][36][5]     ; 1       ;
; display_memory:inst1|memory[22][20][5]     ; 1       ;
; display_memory:inst1|memory[22][4][5]      ; 1       ;
; display_memory:inst1|memory[22][12][5]     ; 1       ;
; display_memory:inst1|memory[22][24][5]     ; 1       ;
; display_memory:inst1|memory[22][16][5]     ; 1       ;
; display_memory:inst1|memory[22][32][5]     ; 1       ;
; display_memory:inst1|memory[22][0][5]      ; 1       ;
; display_memory:inst1|memory[22][8][5]      ; 1       ;
; display_memory:inst1|memory[22][28][5]     ; 1       ;
; display_memory:inst1|memory[22][27][5]     ; 1       ;
; display_memory:inst1|memory[22][39][5]     ; 1       ;
; display_memory:inst1|memory[22][23][5]     ; 1       ;
; display_memory:inst1|memory[22][7][5]      ; 1       ;
; display_memory:inst1|memory[22][15][5]     ; 1       ;
; display_memory:inst1|memory[22][19][5]     ; 1       ;
; display_memory:inst1|memory[22][35][5]     ; 1       ;
; display_memory:inst1|memory[22][3][5]      ; 1       ;
; display_memory:inst1|memory[22][11][5]     ; 1       ;
; display_memory:inst1|memory[22][31][5]     ; 1       ;
; display_memory:inst1|memory[10][37][5]     ; 1       ;
; display_memory:inst1|memory[10][21][5]     ; 1       ;
; display_memory:inst1|memory[10][5][5]      ; 1       ;
; display_memory:inst1|memory[10][13][5]     ; 1       ;
; display_memory:inst1|memory[18][37][5]     ; 1       ;
; display_memory:inst1|memory[18][21][5]     ; 1       ;
; display_memory:inst1|memory[18][5][5]      ; 1       ;
; display_memory:inst1|memory[18][13][5]     ; 1       ;
; display_memory:inst1|memory[2][37][5]      ; 1       ;
; display_memory:inst1|memory[2][21][5]      ; 1       ;
; display_memory:inst1|memory[2][5][5]       ; 1       ;
; display_memory:inst1|memory[2][13][5]      ; 1       ;
; display_memory:inst1|memory[26][37][5]     ; 1       ;
; display_memory:inst1|memory[26][21][5]     ; 1       ;
; display_memory:inst1|memory[26][5][5]      ; 1       ;
; display_memory:inst1|memory[26][13][5]     ; 1       ;
; display_memory:inst1|memory[18][38][5]     ; 1       ;
; display_memory:inst1|memory[18][22][5]     ; 1       ;
; display_memory:inst1|memory[18][6][5]      ; 1       ;
; display_memory:inst1|memory[18][14][5]     ; 1       ;
; display_memory:inst1|memory[10][38][5]     ; 1       ;
; display_memory:inst1|memory[10][22][5]     ; 1       ;
; display_memory:inst1|memory[10][6][5]      ; 1       ;
; display_memory:inst1|memory[10][14][5]     ; 1       ;
; display_memory:inst1|memory[2][38][5]      ; 1       ;
; display_memory:inst1|memory[2][22][5]      ; 1       ;
; display_memory:inst1|memory[2][6][5]       ; 1       ;
; display_memory:inst1|memory[2][14][5]      ; 1       ;
; display_memory:inst1|memory[26][38][5]     ; 1       ;
; display_memory:inst1|memory[26][22][5]     ; 1       ;
; display_memory:inst1|memory[26][6][5]      ; 1       ;
; display_memory:inst1|memory[26][14][5]     ; 1       ;
; display_memory:inst1|memory[10][36][5]     ; 1       ;
; display_memory:inst1|memory[10][20][5]     ; 1       ;
; display_memory:inst1|memory[10][4][5]      ; 1       ;
; display_memory:inst1|memory[10][12][5]     ; 1       ;
; display_memory:inst1|memory[18][36][5]     ; 1       ;
; display_memory:inst1|memory[18][20][5]     ; 1       ;
; display_memory:inst1|memory[18][4][5]      ; 1       ;
; display_memory:inst1|memory[18][12][5]     ; 1       ;
; display_memory:inst1|memory[2][36][5]      ; 1       ;
; display_memory:inst1|memory[2][20][5]      ; 1       ;
; display_memory:inst1|memory[2][4][5]       ; 1       ;
; display_memory:inst1|memory[2][12][5]      ; 1       ;
; display_memory:inst1|memory[26][36][5]     ; 1       ;
; display_memory:inst1|memory[26][20][5]     ; 1       ;
; display_memory:inst1|memory[26][4][5]      ; 1       ;
; display_memory:inst1|memory[26][12][5]     ; 1       ;
; display_memory:inst1|memory[18][39][5]     ; 1       ;
; display_memory:inst1|memory[18][23][5]     ; 1       ;
; display_memory:inst1|memory[18][7][5]      ; 1       ;
; display_memory:inst1|memory[18][15][5]     ; 1       ;
; display_memory:inst1|memory[10][39][5]     ; 1       ;
; display_memory:inst1|memory[10][23][5]     ; 1       ;
; display_memory:inst1|memory[10][7][5]      ; 1       ;
; display_memory:inst1|memory[10][15][5]     ; 1       ;
; display_memory:inst1|memory[2][39][5]      ; 1       ;
; display_memory:inst1|memory[2][23][5]      ; 1       ;
; display_memory:inst1|memory[2][7][5]       ; 1       ;
; display_memory:inst1|memory[2][15][5]      ; 1       ;
; Total number of inverted registers = 1200* ;         ;
+--------------------------------------------+---------+
* Table truncated at 100 items. To change the number of inverted registers reported, set the "Number of Inverted Registers Reported" option under Assignments->Settings->Analysis and Synthesis Settings->More Settings


+-------------------------------------------------------------------------------------------------------------------------------------------------------------------------------+
; Multiplexer Restructuring Statistics (Restructuring Performed)                                                                                                                ;
+--------------------+-----------+---------------+----------------------+------------------------+------------+-----------------------------------------------------------------+
; Multiplexer Inputs ; Bus Width ; Baseline Area ; Area if Restructured ; Saving if Restructured ; Registered ; Example Multiplexer Output                                      ;
+--------------------+-----------+---------------+----------------------+------------------------+------------+-----------------------------------------------------------------+
; 3:1                ; 6 bits    ; 12 LEs        ; 6 LEs                ; 6 LEs                  ; Yes        ; |text_editor|counter:inst2|col_count[0]                         ;
; 4:1                ; 6 bits    ; 12 LEs        ; 6 LEs                ; 6 LEs                  ; Yes        ; |text_editor|counter:inst2|row_count[3]                         ;
; 5:1                ; 4 bits    ; 12 LEs        ; 4 LEs                ; 8 LEs                  ; Yes        ; |text_editor|keyboard_to_char_addr:inst|keyboard:inst7|INCNT[3] ;
; 1200:1             ; 6 bits    ; 4800 LEs      ; 4800 LEs             ; 0 LEs                  ; No         ; |text_editor|display_memory:inst1|Mux181                        ;
+--------------------+-----------+---------------+----------------------+------------------------+------------+-----------------------------------------------------------------+


+----------------------------------------------------------------------------------------------------------------------------+
; Source assignments for Char_ROM:inst7|LPM_ROM:char_gen_rom|altrom:srom|altsyncram:rom_block|altsyncram_6401:auto_generated ;
+---------------------------------+--------------------+------+--------------------------------------------------------------+
; Assignment                      ; Value              ; From ; To                                                           ;
+---------------------------------+--------------------+------+--------------------------------------------------------------+
; OPTIMIZE_POWER_DURING_SYNTHESIS ; NORMAL_COMPILATION ; -    ; -                                                            ;
+---------------------------------+--------------------+------+--------------------------------------------------------------+


+--------------------------------------------------------------------------------------------------------------+
; Parameter Settings for User Entity Instance: VGA_SYNC:inst8|video_PLL:video_PLL_inst|altpll:altpll_component ;
+-------------------------------+-------------------+----------------------------------------------------------+
; Parameter Name                ; Value             ; Type                                                     ;
+-------------------------------+-------------------+----------------------------------------------------------+
; OPERATION_MODE                ; NORMAL            ; Untyped                                                  ;
; PLL_TYPE                      ; FAST              ; Untyped                                                  ;
; QUALIFY_CONF_DONE             ; OFF               ; Untyped                                                  ;
; COMPENSATE_CLOCK              ; CLK0              ; Untyped                                                  ;
; SCAN_CHAIN                    ; LONG              ; Untyped                                                  ;
; PRIMARY_CLOCK                 ; INCLK0            ; Untyped                                                  ;
; INCLK0_INPUT_FREQUENCY        ; 20000             ; Signed Integer                                           ;
; INCLK1_INPUT_FREQUENCY        ; 0                 ; Untyped                                                  ;
; GATE_LOCK_SIGNAL              ; NO                ; Untyped                                                  ;
; GATE_LOCK_COUNTER             ; 0                 ; Untyped                                                  ;
; LOCK_HIGH                     ; 1                 ; Untyped                                                  ;
; LOCK_LOW                      ; 1                 ; Untyped                                                  ;
; VALID_LOCK_MULTIPLIER         ; 1                 ; Untyped                                                  ;
; INVALID_LOCK_MULTIPLIER       ; 5                 ; Untyped                                                  ;
; SWITCH_OVER_ON_LOSSCLK        ; OFF               ; Untyped                                                  ;
; SWITCH_OVER_ON_GATED_LOCK     ; OFF               ; Untyped                                                  ;
; ENABLE_SWITCH_OVER_COUNTER    ; OFF               ; Untyped                                                  ;
; SKIP_VCO                      ; OFF               ; Untyped                                                  ;
; SWITCH_OVER_COUNTER           ; 0                 ; Untyped                                                  ;
; SWITCH_OVER_TYPE              ; AUTO              ; Untyped                                                  ;
; FEEDBACK_SOURCE               ; EXTCLK0           ; Untyped                                                  ;
; BANDWIDTH                     ; 0                 ; Untyped                                                  ;
; BANDWIDTH_TYPE                ; AUTO              ; Untyped                                                  ;
; SPREAD_FREQUENCY              ; 0                 ; Untyped                                                  ;
; DOWN_SPREAD                   ; 0                 ; Untyped                                                  ;
; SELF_RESET_ON_GATED_LOSS_LOCK ; OFF               ; Untyped                                                  ;
; SELF_RESET_ON_LOSS_LOCK       ; OFF               ; Untyped                                                  ;
; CLK9_MULTIPLY_BY              ; 0                 ; Untyped                                                  ;
; CLK8_MULTIPLY_BY              ; 0                 ; Untyped                                                  ;
; CLK7_MULTIPLY_BY              ; 0                 ; Untyped                                                  ;
; CLK6_MULTIPLY_BY              ; 0                 ; Untyped                                                  ;
; CLK5_MULTIPLY_BY              ; 1                 ; Untyped                                                  ;
; CLK4_MULTIPLY_BY              ; 1                 ; Untyped                                                  ;
; CLK3_MULTIPLY_BY              ; 1                 ; Untyped                                                  ;
; CLK2_MULTIPLY_BY              ; 1                 ; Untyped                                                  ;
; CLK1_MULTIPLY_BY              ; 1                 ; Untyped                                                  ;
; CLK0_MULTIPLY_BY              ; 1                 ; Signed Integer                                           ;
; CLK9_DIVIDE_BY                ; 0                 ; Untyped                                                  ;
; CLK8_DIVIDE_BY                ; 0                 ; Untyped                                                  ;
; CLK7_DIVIDE_BY                ; 0                 ; Untyped                                                  ;
; CLK6_DIVIDE_BY                ; 0                 ; Untyped                                                  ;
; CLK5_DIVIDE_BY                ; 1                 ; Untyped                                                  ;
; CLK4_DIVIDE_BY                ; 1                 ; Untyped                                                  ;
; CLK3_DIVIDE_BY                ; 1                 ; Untyped                                                  ;
; CLK2_DIVIDE_BY                ; 1                 ; Untyped                                                  ;
; CLK1_DIVIDE_BY                ; 1                 ; Untyped                                                  ;
; CLK0_DIVIDE_BY                ; 2                 ; Signed Integer                                           ;
; CLK9_PHASE_SHIFT              ; 0                 ; Untyped                                                  ;
; CLK8_PHASE_SHIFT              ; 0                 ; Untyped                                                  ;
; CLK7_PHASE_SHIFT              ; 0                 ; Untyped                                                  ;
; CLK6_PHASE_SHIFT              ; 0                 ; Untyped                                                  ;
; CLK5_PHASE_SHIFT              ; 0                 ; Untyped                                                  ;
; CLK4_PHASE_SHIFT              ; 0                 ; Untyped                                                  ;
; CLK3_PHASE_SHIFT              ; 0                 ; Untyped                                                  ;
; CLK2_PHASE_SHIFT              ; 0                 ; Untyped                                                  ;
; CLK1_PHASE_SHIFT              ; 0                 ; Untyped                                                  ;
; CLK0_PHASE_SHIFT              ; 0                 ; Untyped                                                  ;
; CLK5_TIME_DELAY               ; 0                 ; Untyped                                                  ;
; CLK4_TIME_DELAY               ; 0                 ; Untyped                                                  ;
; CLK3_TIME_DELAY               ; 0                 ; Untyped                                                  ;
; CLK2_TIME_DELAY               ; 0                 ; Untyped                                                  ;
; CLK1_TIME_DELAY               ; 0                 ; Untyped                                                  ;
; CLK0_TIME_DELAY               ; 0                 ; Untyped                                                  ;
; CLK9_DUTY_CYCLE               ; 50                ; Untyped                                                  ;
; CLK8_DUTY_CYCLE               ; 50                ; Untyped                                                  ;
; CLK7_DUTY_CYCLE               ; 50                ; Untyped                                                  ;
; CLK6_DUTY_CYCLE               ; 50                ; Untyped                                                  ;
; CLK5_DUTY_CYCLE               ; 50                ; Untyped                                                  ;
; CLK4_DUTY_CYCLE               ; 50                ; Untyped                                                  ;
; CLK3_DUTY_CYCLE               ; 50                ; Untyped                                                  ;
; CLK2_DUTY_CYCLE               ; 50                ; Untyped                                                  ;
; CLK1_DUTY_CYCLE               ; 50                ; Untyped                                                  ;
; CLK0_DUTY_CYCLE               ; 50                ; Signed Integer                                           ;
; CLK9_USE_EVEN_COUNTER_MODE    ; OFF               ; Untyped                                                  ;
; CLK8_USE_EVEN_COUNTER_MODE    ; OFF               ; Untyped                                                  ;
; CLK7_USE_EVEN_COUNTER_MODE    ; OFF               ; Untyped                                                  ;
; CLK6_USE_EVEN_COUNTER_MODE    ; OFF               ; Untyped                                                  ;
; CLK5_USE_EVEN_COUNTER_MODE    ; OFF               ; Untyped                                                  ;
; CLK4_USE_EVEN_COUNTER_MODE    ; OFF               ; Untyped                                                  ;
; CLK3_USE_EVEN_COUNTER_MODE    ; OFF               ; Untyped                                                  ;
; CLK2_USE_EVEN_COUNTER_MODE    ; OFF               ; Untyped                                                  ;
; CLK1_USE_EVEN_COUNTER_MODE    ; OFF               ; Untyped                                                  ;
; CLK0_USE_EVEN_COUNTER_MODE    ; OFF               ; Untyped                                                  ;
; CLK9_USE_EVEN_COUNTER_VALUE   ; OFF               ; Untyped                                                  ;
; CLK8_USE_EVEN_COUNTER_VALUE   ; OFF               ; Untyped                                                  ;
; CLK7_USE_EVEN_COUNTER_VALUE   ; OFF               ; Untyped                                                  ;
; CLK6_USE_EVEN_COUNTER_VALUE   ; OFF               ; Untyped                                                  ;
; CLK5_USE_EVEN_COUNTER_VALUE   ; OFF               ; Untyped                                                  ;
; CLK4_USE_EVEN_COUNTER_VALUE   ; OFF               ; Untyped                                                  ;
; CLK3_USE_EVEN_COUNTER_VALUE   ; OFF               ; Untyped                                                  ;
; CLK2_USE_EVEN_COUNTER_VALUE   ; OFF               ; Untyped                                                  ;
; CLK1_USE_EVEN_COUNTER_VALUE   ; OFF               ; Untyped                                                  ;
; CLK0_USE_EVEN_COUNTER_VALUE   ; OFF               ; Untyped                                                  ;
; LOCK_WINDOW_UI                ;  0.05             ; Untyped                                                  ;
; LOCK_WINDOW_UI_BITS           ; UNUSED            ; Untyped                                                  ;
; VCO_RANGE_DETECTOR_LOW_BITS   ; UNUSED            ; Untyped                                                  ;
; VCO_RANGE_DETECTOR_HIGH_BITS  ; UNUSED            ; Untyped                                                  ;
; DPA_MULTIPLY_BY               ; 0                 ; Untyped                                                  ;
; DPA_DIVIDE_BY                 ; 1                 ; Untyped                                                  ;
; DPA_DIVIDER                   ; 0                 ; Untyped                                                  ;
; EXTCLK3_MULTIPLY_BY           ; 1                 ; Untyped                                                  ;
; EXTCLK2_MULTIPLY_BY           ; 1                 ; Untyped                                                  ;
; EXTCLK1_MULTIPLY_BY           ; 1                 ; Untyped                                                  ;
; EXTCLK0_MULTIPLY_BY           ; 1                 ; Untyped                                                  ;
; EXTCLK3_DIVIDE_BY             ; 1                 ; Untyped                                                  ;
; EXTCLK2_DIVIDE_BY             ; 1                 ; Untyped                                                  ;
; EXTCLK1_DIVIDE_BY             ; 1                 ; Untyped                                                  ;
; EXTCLK0_DIVIDE_BY             ; 1                 ; Untyped                                                  ;
; EXTCLK3_PHASE_SHIFT           ; 0                 ; Untyped                                                  ;
; EXTCLK2_PHASE_SHIFT           ; 0                 ; Untyped                                                  ;
; EXTCLK1_PHASE_SHIFT           ; 0                 ; Untyped                                                  ;
; EXTCLK0_PHASE_SHIFT           ; 0                 ; Untyped                                                  ;
; EXTCLK3_TIME_DELAY            ; 0                 ; Untyped                                                  ;
; EXTCLK2_TIME_DELAY            ; 0                 ; Untyped                                                  ;
; EXTCLK1_TIME_DELAY            ; 0                 ; Untyped                                                  ;
; EXTCLK0_TIME_DELAY            ; 0                 ; Untyped                                                  ;
; EXTCLK3_DUTY_CYCLE            ; 50                ; Untyped                                                  ;
; EXTCLK2_DUTY_CYCLE            ; 50                ; Untyped                                                  ;
; EXTCLK1_DUTY_CYCLE            ; 50                ; Untyped                                                  ;
; EXTCLK0_DUTY_CYCLE            ; 50                ; Untyped                                                  ;
; VCO_MULTIPLY_BY               ; 0                 ; Untyped                                                  ;
; VCO_DIVIDE_BY                 ; 0                 ; Untyped                                                  ;
; SCLKOUT0_PHASE_SHIFT          ; 0                 ; Untyped                                                  ;
; SCLKOUT1_PHASE_SHIFT          ; 0                 ; Untyped                                                  ;
; VCO_MIN                       ; 0                 ; Untyped                                                  ;
; VCO_MAX                       ; 0                 ; Untyped                                                  ;
; VCO_CENTER                    ; 0                 ; Untyped                                                  ;
; PFD_MIN                       ; 0                 ; Untyped                                                  ;
; PFD_MAX                       ; 0                 ; Untyped                                                  ;
; M_INITIAL                     ; 0                 ; Untyped                                                  ;
; M                             ; 0                 ; Untyped                                                  ;
; N                             ; 1                 ; Untyped                                                  ;
; M2                            ; 1                 ; Untyped                                                  ;
; N2                            ; 1                 ; Untyped                                                  ;
; SS                            ; 1                 ; Untyped                                                  ;
; C0_HIGH                       ; 0                 ; Untyped                                                  ;
; C1_HIGH                       ; 0                 ; Untyped                                                  ;
; C2_HIGH                       ; 0                 ; Untyped                                                  ;
; C3_HIGH                       ; 0                 ; Untyped                                                  ;
; C4_HIGH                       ; 0                 ; Untyped                                                  ;
; C5_HIGH                       ; 0                 ; Untyped                                                  ;
; C6_HIGH                       ; 0                 ; Untyped                                                  ;
; C7_HIGH                       ; 0                 ; Untyped                                                  ;
; C8_HIGH                       ; 0                 ; Untyped                                                  ;
; C9_HIGH                       ; 0                 ; Untyped                                                  ;
; C0_LOW                        ; 0                 ; Untyped                                                  ;
; C1_LOW                        ; 0                 ; Untyped                                                  ;
; C2_LOW                        ; 0                 ; Untyped                                                  ;
; C3_LOW                        ; 0                 ; Untyped                                                  ;
; C4_LOW                        ; 0                 ; Untyped                                                  ;
; C5_LOW                        ; 0                 ; Untyped                                                  ;
; C6_LOW                        ; 0                 ; Untyped                                                  ;
; C7_LOW                        ; 0                 ; Untyped                                                  ;
; C8_LOW                        ; 0                 ; Untyped                                                  ;
; C9_LOW                        ; 0                 ; Untyped                                                  ;
; C0_INITIAL                    ; 0                 ; Untyped                                                  ;
; C1_INITIAL                    ; 0                 ; Untyped                                                  ;
; C2_INITIAL                    ; 0                 ; Untyped                                                  ;
; C3_INITIAL                    ; 0                 ; Untyped                                                  ;
; C4_INITIAL                    ; 0                 ; Untyped                                                  ;
; C5_INITIAL                    ; 0                 ; Untyped                                                  ;
; C6_INITIAL                    ; 0                 ; Untyped                                                  ;
; C7_INITIAL                    ; 0                 ; Untyped                                                  ;
; C8_INITIAL                    ; 0                 ; Untyped                                                  ;
; C9_INITIAL                    ; 0                 ; Untyped                                                  ;
; C0_MODE                       ; BYPASS            ; Untyped                                                  ;
; C1_MODE                       ; BYPASS            ; Untyped                                                  ;
; C2_MODE                       ; BYPASS            ; Untyped                                                  ;
; C3_MODE                       ; BYPASS            ; Untyped                                                  ;
; C4_MODE                       ; BYPASS            ; Untyped                                                  ;
; C5_MODE                       ; BYPASS            ; Untyped                                                  ;
; C6_MODE                       ; BYPASS            ; Untyped                                                  ;
; C7_MODE                       ; BYPASS            ; Untyped                                                  ;
; C8_MODE                       ; BYPASS            ; Untyped                                                  ;
; C9_MODE                       ; BYPASS            ; Untyped                                                  ;
; C0_PH                         ; 0                 ; Untyped                                                  ;
; C1_PH                         ; 0                 ; Untyped                                                  ;
; C2_PH                         ; 0                 ; Untyped                                                  ;
; C3_PH                         ; 0                 ; Untyped                                                  ;
; C4_PH                         ; 0                 ; Untyped                                                  ;
; C5_PH                         ; 0                 ; Untyped                                                  ;
; C6_PH                         ; 0                 ; Untyped                                                  ;
; C7_PH                         ; 0                 ; Untyped                                                  ;
; C8_PH                         ; 0                 ; Untyped                                                  ;
; C9_PH                         ; 0                 ; Untyped                                                  ;
; L0_HIGH                       ; 1                 ; Untyped                                                  ;
; L1_HIGH                       ; 1                 ; Untyped                                                  ;
; G0_HIGH                       ; 1                 ; Untyped                                                  ;
; G1_HIGH                       ; 1                 ; Untyped                                                  ;
; G2_HIGH                       ; 1                 ; Untyped                                                  ;
; G3_HIGH                       ; 1                 ; Untyped                                                  ;
; E0_HIGH                       ; 1                 ; Untyped                                                  ;
; E1_HIGH                       ; 1                 ; Untyped                                                  ;
; E2_HIGH                       ; 1                 ; Untyped                                                  ;
; E3_HIGH                       ; 1                 ; Untyped                                                  ;
; L0_LOW                        ; 1                 ; Untyped                                                  ;
; L1_LOW                        ; 1                 ; Untyped                                                  ;
; G0_LOW                        ; 1                 ; Untyped                                                  ;
; G1_LOW                        ; 1                 ; Untyped                                                  ;
; G2_LOW                        ; 1                 ; Untyped                                                  ;
; G3_LOW                        ; 1                 ; Untyped                                                  ;
; E0_LOW                        ; 1                 ; Untyped                                                  ;
; E1_LOW                        ; 1                 ; Untyped                                                  ;
; E2_LOW                        ; 1                 ; Untyped                                                  ;
; E3_LOW                        ; 1                 ; Untyped                                                  ;
; L0_INITIAL                    ; 1                 ; Untyped                                                  ;
; L1_INITIAL                    ; 1                 ; Untyped                                                  ;
; G0_INITIAL                    ; 1                 ; Untyped                                                  ;
; G1_INITIAL                    ; 1                 ; Untyped                                                  ;
; G2_INITIAL                    ; 1                 ; Untyped                                                  ;
; G3_INITIAL                    ; 1                 ; Untyped                                                  ;
; E0_INITIAL                    ; 1                 ; Untyped                                                  ;
; E1_INITIAL                    ; 1                 ; Untyped                                                  ;
; E2_INITIAL                    ; 1                 ; Untyped                                                  ;
; E3_INITIAL                    ; 1                 ; Untyped                                                  ;
; L0_MODE                       ; BYPASS            ; Untyped                                                  ;
; L1_MODE                       ; BYPASS            ; Untyped                                                  ;
; G0_MODE                       ; BYPASS            ; Untyped                                                  ;
; G1_MODE                       ; BYPASS            ; Untyped                                                  ;
; G2_MODE                       ; BYPASS            ; Untyped                                                  ;
; G3_MODE                       ; BYPASS            ; Untyped                                                  ;
; E0_MODE                       ; BYPASS            ; Untyped                                                  ;
; E1_MODE                       ; BYPASS            ; Untyped                                                  ;
; E2_MODE                       ; BYPASS            ; Untyped                                                  ;
; E3_MODE                       ; BYPASS            ; Untyped                                                  ;
; L0_PH                         ; 0                 ; Untyped                                                  ;
; L1_PH                         ; 0                 ; Untyped                                                  ;
; G0_PH                         ; 0                 ; Untyped                                                  ;
; G1_PH                         ; 0                 ; Untyped                                                  ;
; G2_PH                         ; 0                 ; Untyped                                                  ;
; G3_PH                         ; 0                 ; Untyped                                                  ;
; E0_PH                         ; 0                 ; Untyped                                                  ;
; E1_PH                         ; 0                 ; Untyped                                                  ;
; E2_PH                         ; 0                 ; Untyped                                                  ;
; E3_PH                         ; 0                 ; Untyped                                                  ;
; M_PH                          ; 0                 ; Untyped                                                  ;
; C1_USE_CASC_IN                ; OFF               ; Untyped                                                  ;
; C2_USE_CASC_IN                ; OFF               ; Untyped                                                  ;
; C3_USE_CASC_IN                ; OFF               ; Untyped                                                  ;
; C4_USE_CASC_IN                ; OFF               ; Untyped                                                  ;
; C5_USE_CASC_IN                ; OFF               ; Untyped                                                  ;
; C6_USE_CASC_IN                ; OFF               ; Untyped                                                  ;
; C7_USE_CASC_IN                ; OFF               ; Untyped                                                  ;
; C8_USE_CASC_IN                ; OFF               ; Untyped                                                  ;
; C9_USE_CASC_IN                ; OFF               ; Untyped                                                  ;
; CLK0_COUNTER                  ; G0                ; Untyped                                                  ;
; CLK1_COUNTER                  ; G0                ; Untyped                                                  ;
; CLK2_COUNTER                  ; G0                ; Untyped                                                  ;
; CLK3_COUNTER                  ; G0                ; Untyped                                                  ;
; CLK4_COUNTER                  ; G0                ; Untyped                                                  ;
; CLK5_COUNTER                  ; G0                ; Untyped                                                  ;
; CLK6_COUNTER                  ; E0                ; Untyped                                                  ;
; CLK7_COUNTER                  ; E1                ; Untyped                                                  ;
; CLK8_COUNTER                  ; E2                ; Untyped                                                  ;
; CLK9_COUNTER                  ; E3                ; Untyped                                                  ;
; L0_TIME_DELAY                 ; 0                 ; Untyped                                                  ;
; L1_TIME_DELAY                 ; 0                 ; Untyped                                                  ;
; G0_TIME_DELAY                 ; 0                 ; Untyped                                                  ;
; G1_TIME_DELAY                 ; 0                 ; Untyped                                                  ;
; G2_TIME_DELAY                 ; 0                 ; Untyped                                                  ;
; G3_TIME_DELAY                 ; 0                 ; Untyped                                                  ;
; E0_TIME_DELAY                 ; 0                 ; Untyped                                                  ;
; E1_TIME_DELAY                 ; 0                 ; Untyped                                                  ;
; E2_TIME_DELAY                 ; 0                 ; Untyped                                                  ;
; E3_TIME_DELAY                 ; 0                 ; Untyped                                                  ;
; M_TIME_DELAY                  ; 0                 ; Untyped                                                  ;
; N_TIME_DELAY                  ; 0                 ; Untyped                                                  ;
; EXTCLK3_COUNTER               ; E3                ; Untyped                                                  ;
; EXTCLK2_COUNTER               ; E2                ; Untyped                                                  ;
; EXTCLK1_COUNTER               ; E1                ; Untyped                                                  ;
; EXTCLK0_COUNTER               ; E0                ; Untyped                                                  ;
; ENABLE0_COUNTER               ; L0                ; Untyped                                                  ;
; ENABLE1_COUNTER               ; L0                ; Untyped                                                  ;
; CHARGE_PUMP_CURRENT           ; 2                 ; Untyped                                                  ;
; LOOP_FILTER_R                 ;  1.000000         ; Untyped                                                  ;
; LOOP_FILTER_C                 ; 5                 ; Untyped                                                  ;
; CHARGE_PUMP_CURRENT_BITS      ; 9999              ; Untyped                                                  ;
; LOOP_FILTER_R_BITS            ; 9999              ; Untyped                                                  ;
; LOOP_FILTER_C_BITS            ; 9999              ; Untyped                                                  ;
; VCO_POST_SCALE                ; 0                 ; Untyped                                                  ;
; CLK2_OUTPUT_FREQUENCY         ; 0                 ; Untyped                                                  ;
; CLK1_OUTPUT_FREQUENCY         ; 0                 ; Untyped                                                  ;
; CLK0_OUTPUT_FREQUENCY         ; 0                 ; Untyped                                                  ;
; INTENDED_DEVICE_FAMILY        ; Cyclone II        ; Untyped                                                  ;
; PORT_CLKENA0                  ; PORT_CONNECTIVITY ; Untyped                                                  ;
; PORT_CLKENA1                  ; PORT_CONNECTIVITY ; Untyped                                                  ;
; PORT_CLKENA2                  ; PORT_CONNECTIVITY ; Untyped                                                  ;
; PORT_CLKENA3                  ; PORT_CONNECTIVITY ; Untyped                                                  ;
; PORT_CLKENA4                  ; PORT_CONNECTIVITY ; Untyped                                                  ;
; PORT_CLKENA5                  ; PORT_CONNECTIVITY ; Untyped                                                  ;
; PORT_EXTCLKENA0               ; PORT_CONNECTIVITY ; Untyped                                                  ;
; PORT_EXTCLKENA1               ; PORT_CONNECTIVITY ; Untyped                                                  ;
; PORT_EXTCLKENA2               ; PORT_CONNECTIVITY ; Untyped                                                  ;
; PORT_EXTCLKENA3               ; PORT_CONNECTIVITY ; Untyped                                                  ;
; PORT_EXTCLK0                  ; PORT_CONNECTIVITY ; Untyped                                                  ;
; PORT_EXTCLK1                  ; PORT_CONNECTIVITY ; Untyped                                                  ;
; PORT_EXTCLK2                  ; PORT_CONNECTIVITY ; Untyped                                                  ;
; PORT_EXTCLK3                  ; PORT_CONNECTIVITY ; Untyped                                                  ;
; PORT_CLKBAD0                  ; PORT_CONNECTIVITY ; Untyped                                                  ;
; PORT_CLKBAD1                  ; PORT_CONNECTIVITY ; Untyped                                                  ;
; PORT_CLK0                     ; PORT_CONNECTIVITY ; Untyped                                                  ;
; PORT_CLK1                     ; PORT_CONNECTIVITY ; Untyped                                                  ;
; PORT_CLK2                     ; PORT_CONNECTIVITY ; Untyped                                                  ;
; PORT_CLK3                     ; PORT_CONNECTIVITY ; Untyped                                                  ;
; PORT_CLK4                     ; PORT_CONNECTIVITY ; Untyped                                                  ;
; PORT_CLK5                     ; PORT_CONNECTIVITY ; Untyped                                                  ;
; PORT_CLK6                     ; PORT_UNUSED       ; Untyped                                                  ;
; PORT_CLK7                     ; PORT_UNUSED       ; Untyped                                                  ;
; PORT_CLK8                     ; PORT_UNUSED       ; Untyped                                                  ;
; PORT_CLK9                     ; PORT_UNUSED       ; Untyped                                                  ;
; PORT_SCANDATA                 ; PORT_CONNECTIVITY ; Untyped                                                  ;
; PORT_SCANDATAOUT              ; PORT_CONNECTIVITY ; Untyped                                                  ;
; PORT_SCANDONE                 ; PORT_CONNECTIVITY ; Untyped                                                  ;
; PORT_SCLKOUT1                 ; PORT_CONNECTIVITY ; Untyped                                                  ;
; PORT_SCLKOUT0                 ; PORT_CONNECTIVITY ; Untyped                                                  ;
; PORT_ACTIVECLOCK              ; PORT_CONNECTIVITY ; Untyped                                                  ;
; PORT_CLKLOSS                  ; PORT_CONNECTIVITY ; Untyped                                                  ;
; PORT_INCLK1                   ; PORT_CONNECTIVITY ; Untyped                                                  ;
; PORT_INCLK0                   ; PORT_CONNECTIVITY ; Untyped                                                  ;
; PORT_FBIN                     ; PORT_CONNECTIVITY ; Untyped                                                  ;
; PORT_PLLENA                   ; PORT_CONNECTIVITY ; Untyped                                                  ;
; PORT_CLKSWITCH                ; PORT_CONNECTIVITY ; Untyped                                                  ;
; PORT_ARESET                   ; PORT_CONNECTIVITY ; Untyped                                                  ;
; PORT_PFDENA                   ; PORT_CONNECTIVITY ; Untyped                                                  ;
; PORT_SCANCLK                  ; PORT_CONNECTIVITY ; Untyped                                                  ;
; PORT_SCANACLR                 ; PORT_CONNECTIVITY ; Untyped                                                  ;
; PORT_SCANREAD                 ; PORT_CONNECTIVITY ; Untyped                                                  ;
; PORT_SCANWRITE                ; PORT_CONNECTIVITY ; Untyped                                                  ;
; PORT_ENABLE0                  ; PORT_CONNECTIVITY ; Untyped                                                  ;
; PORT_ENABLE1                  ; PORT_CONNECTIVITY ; Untyped                                                  ;
; PORT_LOCKED                   ; PORT_CONNECTIVITY ; Untyped                                                  ;
; PORT_CONFIGUPDATE             ; PORT_CONNECTIVITY ; Untyped                                                  ;
; PORT_FBOUT                    ; PORT_CONNECTIVITY ; Untyped                                                  ;
; PORT_PHASEDONE                ; PORT_CONNECTIVITY ; Untyped                                                  ;
; PORT_PHASESTEP                ; PORT_CONNECTIVITY ; Untyped                                                  ;
; PORT_PHASEUPDOWN              ; PORT_CONNECTIVITY ; Untyped                                                  ;
; PORT_SCANCLKENA               ; PORT_CONNECTIVITY ; Untyped                                                  ;
; PORT_PHASECOUNTERSELECT       ; PORT_CONNECTIVITY ; Untyped                                                  ;
; PORT_VCOOVERRANGE             ; PORT_CONNECTIVITY ; Untyped                                                  ;
; PORT_VCOUNDERRANGE            ; PORT_CONNECTIVITY ; Untyped                                                  ;
; M_TEST_SOURCE                 ; 5                 ; Untyped                                                  ;
; C0_TEST_SOURCE                ; 5                 ; Untyped                                                  ;
; C1_TEST_SOURCE                ; 5                 ; Untyped                                                  ;
; C2_TEST_SOURCE                ; 5                 ; Untyped                                                  ;
; C3_TEST_SOURCE                ; 5                 ; Untyped                                                  ;
; C4_TEST_SOURCE                ; 5                 ; Untyped                                                  ;
; C5_TEST_SOURCE                ; 5                 ; Untyped                                                  ;
; C6_TEST_SOURCE                ; 5                 ; Untyped                                                  ;
; C7_TEST_SOURCE                ; 5                 ; Untyped                                                  ;
; C8_TEST_SOURCE                ; 5                 ; Untyped                                                  ;
; C9_TEST_SOURCE                ; 5                 ; Untyped                                                  ;
; CBXI_PARAMETER                ; NOTHING           ; Untyped                                                  ;
; VCO_FREQUENCY_CONTROL         ; AUTO              ; Untyped                                                  ;
; VCO_PHASE_SHIFT_STEP          ; 0                 ; Untyped                                                  ;
; WIDTH_CLOCK                   ; 6                 ; Untyped                                                  ;
; WIDTH_PHASECOUNTERSELECT      ; 4                 ; Untyped                                                  ;
; USING_FBMIMICBIDIR_PORT       ; OFF               ; Untyped                                                  ;
; DEVICE_FAMILY                 ; Cyclone II        ; Untyped                                                  ;
; SCAN_CHAIN_MIF_FILE           ; UNUSED            ; Untyped                                                  ;
; SIM_GATE_LOCK_DEVICE_BEHAVIOR ; OFF               ; Untyped                                                  ;
; AUTO_CARRY_CHAINS             ; ON                ; AUTO_CARRY                                               ;
; IGNORE_CARRY_BUFFERS          ; OFF               ; IGNORE_CARRY                                             ;
; AUTO_CASCADE_CHAINS           ; ON                ; AUTO_CASCADE                                             ;
; IGNORE_CASCADE_BUFFERS        ; OFF               ; IGNORE_CASCADE                                           ;
+-------------------------------+-------------------+----------------------------------------------------------+
Note: In order to hide this table in the UI and the text report file, please set the "Show Parameter Settings Tables in Synthesis Report" option in "Analysis and Synthesis Settings -> More Settings" to "Off".


+----------------------------------------------------------------------------------+
; Parameter Settings for User Entity Instance: Char_ROM:inst7|LPM_ROM:char_gen_rom ;
+------------------------+--------------+------------------------------------------+
; Parameter Name         ; Value        ; Type                                     ;
+------------------------+--------------+------------------------------------------+
; LPM_WIDTH              ; 8            ; Signed Integer                           ;
; LPM_WIDTHAD            ; 9            ; Signed Integer                           ;
; LPM_NUMWORDS           ; 512          ; Signed Integer                           ;
; LPM_ADDRESS_CONTROL    ; REGISTERED   ; Untyped                                  ;
; LPM_OUTDATA            ; UNREGISTERED ; Untyped                                  ;
; LPM_FILE               ; tcgrom.mif   ; Untyped                                  ;
; DEVICE_FAMILY          ; Cyclone II   ; Untyped                                  ;
; AUTO_CARRY_CHAINS      ; ON           ; AUTO_CARRY                               ;
; IGNORE_CARRY_BUFFERS   ; OFF          ; IGNORE_CARRY                             ;
; AUTO_CASCADE_CHAINS    ; ON           ; AUTO_CASCADE                             ;
; IGNORE_CASCADE_BUFFERS ; OFF          ; IGNORE_CASCADE                           ;
+------------------------+--------------+------------------------------------------+
Note: In order to hide this table in the UI and the text report file, please set the "Show Parameter Settings Tables in Synthesis Report" option in "Analysis and Synthesis Settings -> More Settings" to "Off".


+---------------------------------------------------------------------------------------------------------+
; Parameter Settings for User Entity Instance: keyboard_to_char_addr:inst|control_module:inst1|dflop:sreg ;
+----------------+-------+--------------------------------------------------------------------------------+
; Parameter Name ; Value ; Type                                                                           ;
+----------------+-------+--------------------------------------------------------------------------------+
; k              ; 3     ; Signed Integer                                                                 ;
+----------------+-------+--------------------------------------------------------------------------------+
Note: In order to hide this table in the UI and the text report file, please set the "Show Parameter Settings Tables in Synthesis Report" option in "Analysis and Synthesis Settings -> More Settings" to "Off".


+-------------------------------------------------------------------------------------------------+
; altpll Parameter Settings by Entity Instance                                                    ;
+-------------------------------+-----------------------------------------------------------------+
; Name                          ; Value                                                           ;
+-------------------------------+-----------------------------------------------------------------+
; Number of entity instances    ; 1                                                               ;
; Entity Instance               ; VGA_SYNC:inst8|video_PLL:video_PLL_inst|altpll:altpll_component ;
;     -- OPERATION_MODE         ; NORMAL                                                          ;
;     -- PLL_TYPE               ; FAST                                                            ;
;     -- PRIMARY_CLOCK          ; INCLK0                                                          ;
;     -- INCLK0_INPUT_FREQUENCY ; 20000                                                           ;
;     -- INCLK1_INPUT_FREQUENCY ; 0                                                               ;
;     -- VCO_MULTIPLY_BY        ; 0                                                               ;
;     -- VCO_DIVIDE_BY          ; 0                                                               ;
+-------------------------------+-----------------------------------------------------------------+


+----------------------------------------------------------------------------------------------------------------+
; Port Connectivity Checks: "keyboard_to_char_addr:inst|control_module:inst1|dflop:sreg"                         ;
+------+--------+----------+-------------------------------------------------------------------------------------+
; Port ; Type   ; Severity ; Details                                                                             ;
+------+--------+----------+-------------------------------------------------------------------------------------+
; q_n  ; Output ; Info     ; Connected to dangling logic. Logic that only feeds a dangling port will be removed. ;
+------+--------+----------+-------------------------------------------------------------------------------------+


+-------------------------------+
; Analysis & Synthesis Messages ;
+-------------------------------+
Info: *******************************************************************
Info: Running Quartus II Analysis & Synthesis
    Info: Version 9.1 Build 350 03/24/2010 Service Pack 2 SJ Web Edition
    Info: Processing started: Thu Jun 07 10:50:29 2018
Info: Command: quartus_map --read_settings_files=on --write_settings_files=off text_editor -c text_editor
Info: Found 2 design units, including 1 entities, in source file de2core/char_rom.vhd
    Info: Found design unit 1: Char_ROM-a
    Info: Found entity 1: Char_ROM
Info: Found 2 design units, including 1 entities, in source file de2core/vga_sync.vhd
    Info: Found design unit 1: VGA_SYNC-a
    Info: Found entity 1: VGA_SYNC
Info: Found 2 design units, including 1 entities, in source file de2core/video_pll.vhd
    Info: Found design unit 1: video_pll-SYN
    Info: Found entity 1: video_PLL
Info: Found 2 design units, including 1 entities, in source file lab4/control_module.vhd
    Info: Found design unit 1: control_module-impl
    Info: Found entity 1: control_module
Info: Found 2 design units, including 1 entities, in source file de2core/keyboard.vhd
    Info: Found design unit 1: keyboard-a
    Info: Found entity 1: keyboard
Info: Found 1 design units, including 1 entities, in source file temp.bdf
    Info: Found entity 1: temp
Info: Found 1 design units, including 1 entities, in source file text_editor.bdf
    Info: Found entity 1: text_editor
Info: Found 2 design units, including 1 entities, in source file lab4/compare.vhd
    Info: Found design unit 1: COMPARE-synthesis
    Info: Found entity 1: COMPARE
Info: Found 1 design units, including 1 entities, in source file lab4/convert_and_display.bdf
    Info: Found entity 1: convert_and_display
Info: Found 2 design units, including 1 entities, in source file lab4/dflop.vhd
    Info: Found design unit 1: dflop-impl
    Info: Found entity 1: dflop
Info: Found 2 design units, including 1 entities, in source file lab4/lpm_rom0.vhd
    Info: Found design unit 1: lpm_rom0-SYN
    Info: Found entity 1: lpm_rom0
Info: Found 2 design units, including 1 entities, in source file lab4/reg8.vhd
    Info: Found design unit 1: reg8-synthesis
    Info: Found entity 1: reg8
Info: Found 2 design units, including 1 entities, in source file code_to_char_addr.vhd
    Info: Found design unit 1: code_to_char_addr-impl
    Info: Found entity 1: code_to_char_addr
Info: Found 1 design units, including 1 entities, in source file keyboard_to_char_addr.bdf
    Info: Found entity 1: keyboard_to_char_addr
Info: Found 2 design units, including 1 entities, in source file display_memory.vhd
    Info: Found design unit 1: display_memory-impl
    Info: Found entity 1: display_memory
Info: Found 2 design units, including 1 entities, in source file char_pos_to_display_memory_addr.vhd
    Info: Found design unit 1: char_pos_to_display_memory_addr-impl
    Info: Found entity 1: char_pos_to_display_memory_addr
Info: Found 2 design units, including 1 entities, in source file counter.vhd
    Info: Found design unit 1: counter-impl
    Info: Found entity 1: counter
Info: Found 1 design units, including 1 entities, in source file temp2.bdf
    Info: Found entity 1: temp2
Info: Found 2 design units, including 1 entities, in source file backspace_or_enter.vhd
    Info: Found design unit 1: backspace_or_enter-impl
    Info: Found entity 1: backspace_or_enter
Info: Elaborating entity "text_editor" for the top level hierarchy
Info: Elaborating entity "VGA_SYNC" for hierarchy "VGA_SYNC:inst8"
Info: Elaborating entity "video_PLL" for hierarchy "VGA_SYNC:inst8|video_PLL:video_PLL_inst"
Info: Elaborating entity "altpll" for hierarchy "VGA_SYNC:inst8|video_PLL:video_PLL_inst|altpll:altpll_component"
Info: Elaborated megafunction instantiation "VGA_SYNC:inst8|video_PLL:video_PLL_inst|altpll:altpll_component"
Info: Instantiated megafunction "VGA_SYNC:inst8|video_PLL:video_PLL_inst|altpll:altpll_component" with the following parameter:
    Info: Parameter "clk0_duty_cycle" = "50"
    Info: Parameter "lpm_type" = "altpll"
    Info: Parameter "clk0_multiply_by" = "1"
    Info: Parameter "inclk0_input_frequency" = "20000"
    Info: Parameter "clk0_divide_by" = "2"
    Info: Parameter "pll_type" = "FAST"
    Info: Parameter "intended_device_family" = "Cyclone II"
    Info: Parameter "operation_mode" = "NORMAL"
    Info: Parameter "compensate_clock" = "CLK0"
    Info: Parameter "clk0_phase_shift" = "0"
Info: Elaborating entity "Char_ROM" for hierarchy "Char_ROM:inst7"
Info: Elaborating entity "LPM_ROM" for hierarchy "Char_ROM:inst7|LPM_ROM:char_gen_rom"
Info: Elaborated megafunction instantiation "Char_ROM:inst7|LPM_ROM:char_gen_rom"
Info: Instantiated megafunction "Char_ROM:inst7|LPM_ROM:char_gen_rom" with the following parameter:
    Info: Parameter "LPM_WIDTH" = "8"
    Info: Parameter "LPM_WIDTHAD" = "9"
    Info: Parameter "LPM_NUMWORDS" = "512"
    Info: Parameter "LPM_ADDRESS_CONTROL" = "REGISTERED"
    Info: Parameter "LPM_OUTDATA" = "UNREGISTERED"
    Info: Parameter "LPM_FILE" = "tcgrom.mif"
    Info: Parameter "LPM_TYPE" = "LPM_ROM"
    Info: Parameter "INTENDED_DEVICE_FAMILY" = "UNUSED"
    Info: Parameter "LPM_HINT" = "UNUSED"
Info: Elaborating entity "altrom" for hierarchy "Char_ROM:inst7|LPM_ROM:char_gen_rom|altrom:srom"
Info: Elaborated megafunction instantiation "Char_ROM:inst7|LPM_ROM:char_gen_rom|altrom:srom", which is child of megafunction instantiation "Char_ROM:inst7|LPM_ROM:char_gen_rom"
Info: Elaborating entity "altsyncram" for hierarchy "Char_ROM:inst7|LPM_ROM:char_gen_rom|altrom:srom|altsyncram:rom_block"
Info: Elaborated megafunction instantiation "Char_ROM:inst7|LPM_ROM:char_gen_rom|altrom:srom|altsyncram:rom_block", which is child of megafunction instantiation "Char_ROM:inst7|LPM_ROM:char_gen_rom"
Info: Found 1 design units, including 1 entities, in source file db/altsyncram_6401.tdf
    Info: Found entity 1: altsyncram_6401
Info: Elaborating entity "altsyncram_6401" for hierarchy "Char_ROM:inst7|LPM_ROM:char_gen_rom|altrom:srom|altsyncram:rom_block|altsyncram_6401:auto_generated"
Info: Elaborating entity "display_memory" for hierarchy "display_memory:inst1"
Info (10008): Verilog HDL or VHDL information: EDA Netlist Writer cannot regroup multidimensional array "memory" into its bus
Info: Elaborating entity "keyboard_to_char_addr" for hierarchy "keyboard_to_char_addr:inst"
Info: Elaborating entity "COMPARE" for hierarchy "keyboard_to_char_addr:inst|COMPARE:inst"
Info: Elaborating entity "reg8" for hierarchy "keyboard_to_char_addr:inst|reg8:inst13"
Info: Elaborating entity "control_module" for hierarchy "keyboard_to_char_addr:inst|control_module:inst1"
Info: Elaborating entity "dflop" for hierarchy "keyboard_to_char_addr:inst|control_module:inst1|dflop:sreg"
Info: Elaborating entity "keyboard" for hierarchy "keyboard_to_char_addr:inst|keyboard:inst7"
Info: Elaborating entity "backspace_or_enter" for hierarchy "keyboard_to_char_addr:inst|backspace_or_enter:inst2"
Info: Elaborating entity "code_to_char_addr" for hierarchy "keyboard_to_char_addr:inst|code_to_char_addr:inst18"
Info: Elaborating entity "counter" for hierarchy "counter:inst2"
Warning: Clock multiplexers are found and protected
    Warning: Found clock multiplexer keyboard_to_char_addr:inst|control_module:inst1|Mux4
    Warning: Found clock multiplexer keyboard_to_char_addr:inst|control_module:inst1|Mux3
Warning: Tri-state node(s) do not directly drive top-level pin(s)
    Warning: Converted tri-state buffer "Char_ROM:inst7|lpm_rom:char_gen_rom|otri[7]" feeding internal logic into a wire
    Warning: Converted tri-state buffer "Char_ROM:inst7|lpm_rom:char_gen_rom|otri[6]" feeding internal logic into a wire
    Warning: Converted tri-state buffer "Char_ROM:inst7|lpm_rom:char_gen_rom|otri[5]" feeding internal logic into a wire
    Warning: Converted tri-state buffer "Char_ROM:inst7|lpm_rom:char_gen_rom|otri[4]" feeding internal logic into a wire
    Warning: Converted tri-state buffer "Char_ROM:inst7|lpm_rom:char_gen_rom|otri[3]" feeding internal logic into a wire
    Warning: Converted tri-state buffer "Char_ROM:inst7|lpm_rom:char_gen_rom|otri[2]" feeding internal logic into a wire
    Warning: Converted tri-state buffer "Char_ROM:inst7|lpm_rom:char_gen_rom|otri[1]" feeding internal logic into a wire
    Warning: Converted tri-state buffer "Char_ROM:inst7|lpm_rom:char_gen_rom|otri[0]" feeding internal logic into a wire
Info: Registers with preset signals will power-up high
Info: DEV_CLRn pin will set, and not reset, register with preset signal due to NOT Gate Push-Back
Info: Implemented 13511 device resources after synthesis - the final resource count might be different
    Info: Implemented 4 input pins
    Info: Implemented 9 output pins
    Info: Implemented 13489 logic cells
    Info: Implemented 8 RAM segments
    Info: Implemented 1 PLLs
Info: Quartus II Analysis & Synthesis was successful. 0 errors, 12 warnings
    Info: Peak virtual memory: 277 megabytes
    Info: Processing ended: Thu Jun 07 10:50:59 2018
    Info: Elapsed time: 00:00:30
    Info: Total CPU time (on all processors): 00:00:25


