Classic Timing Analyzer report for convert_and_display
Mon May 21 19:22:33 2018
Quartus II Version 9.1 Build 350 03/24/2010 Service Pack 2 SJ Web Edition


---------------------
; Table of Contents ;
---------------------
  1. Legal Notice
  2. Timing Analyzer Summary
  3. Timing Analyzer Settings
  4. Clock Settings Summary
  5. Parallel Compilation
  6. Clock Setup: 'CLOCK_50'
  7. Clock Hold: 'CLOCK_50'
  8. tsu
  9. tco
 10. th
 11. Timing Analyzer Messages



----------------
; Legal Notice ;
----------------
Copyright (C) 1991-2010 Altera Corporation
Your use of Altera Corporation's design tools, logic functions 
and other software and tools, and its AMPP partner logic 
functions, and any output files from any of the foregoing 
(including device programming or simulation files), and any 
associated documentation or information are expressly subject 
to the terms and conditions of the Altera Program License 
Subscription Agreement, Altera MegaCore Function License 
Agreement, or other applicable license agreement, including, 
without limitation, that your use is for the sole purpose of 
programming logic devices manufactured by Altera and sold by 
Altera or its authorized distributors.  Please refer to the 
applicable agreement for further details.



+----------------------------------------------------------------------------------------------------------------------------------------------------------------------------------------------------------------------------------------+
; Timing Analyzer Summary                                                                                                                                                                                                                ;
+------------------------------+------------------------------------------+---------------+----------------------------------+-----------------------------+--------------------------------------+------------+----------+--------------+
; Type                         ; Slack                                    ; Required Time ; Actual Time                      ; From                        ; To                                   ; From Clock ; To Clock ; Failed Paths ;
+------------------------------+------------------------------------------+---------------+----------------------------------+-----------------------------+--------------------------------------+------------+----------+--------------+
; Worst-case tsu               ; N/A                                      ; None          ; 4.258 ns                         ; PS2_CLK                     ; keyboard:inst7|filter[7]             ; --         ; CLOCK_50 ; 0            ;
; Worst-case tco               ; N/A                                      ; None          ; 9.248 ns                         ; reg8:inst9|state[5]         ; LEDR[0]                              ; CLOCK_50   ; --       ; 0            ;
; Worst-case th                ; N/A                                      ; None          ; -0.331 ns                        ; KEY[3]                      ; keyboard:inst7|READ_CHAR             ; --         ; CLOCK_50 ; 0            ;
; Clock Setup: 'CLOCK_50'      ; N/A                                      ; None          ; 212.68 MHz ( period = 4.702 ns ) ; keyboard:inst7|scan_code[1] ; reg8:inst9|state[1]                  ; CLOCK_50   ; CLOCK_50 ; 0            ;
; Clock Hold: 'CLOCK_50'       ; Not operational: Clock Skew > Data Delay ; None          ; N/A                              ; keyboard:inst7|filter[3]    ; keyboard:inst7|keyboard_clk_filtered ; CLOCK_50   ; CLOCK_50 ; 1            ;
; Total number of failed paths ;                                          ;               ;                                  ;                             ;                                      ;            ;          ; 1            ;
+------------------------------+------------------------------------------+---------------+----------------------------------+-----------------------------+--------------------------------------+------------+----------+--------------+


+-----------------------------------------------------------------------------------------------------------------------------------------------------+
; Timing Analyzer Settings                                                                                                                            ;
+------------------------------------------------------------------------------------------------------+--------------------+------+----+-------------+
; Option                                                                                               ; Setting            ; From ; To ; Entity Name ;
+------------------------------------------------------------------------------------------------------+--------------------+------+----+-------------+
; Device Name                                                                                          ; EP2C35F672C6       ;      ;    ;             ;
; Timing Models                                                                                        ; Final              ;      ;    ;             ;
; Default hold multicycle                                                                              ; Same as Multicycle ;      ;    ;             ;
; Cut paths between unrelated clock domains                                                            ; On                 ;      ;    ;             ;
; Cut off read during write signal paths                                                               ; On                 ;      ;    ;             ;
; Cut off feedback from I/O pins                                                                       ; On                 ;      ;    ;             ;
; Report Combined Fast/Slow Timing                                                                     ; Off                ;      ;    ;             ;
; Ignore Clock Settings                                                                                ; Off                ;      ;    ;             ;
; Analyze latches as synchronous elements                                                              ; On                 ;      ;    ;             ;
; Enable Recovery/Removal analysis                                                                     ; Off                ;      ;    ;             ;
; Enable Clock Latency                                                                                 ; Off                ;      ;    ;             ;
; Use TimeQuest Timing Analyzer                                                                        ; Off                ;      ;    ;             ;
; Minimum Core Junction Temperature                                                                    ; 0                  ;      ;    ;             ;
; Maximum Core Junction Temperature                                                                    ; 85                 ;      ;    ;             ;
; Number of source nodes to report per destination node                                                ; 10                 ;      ;    ;             ;
; Number of destination nodes to report                                                                ; 10                 ;      ;    ;             ;
; Number of paths to report                                                                            ; 200                ;      ;    ;             ;
; Report Minimum Timing Checks                                                                         ; Off                ;      ;    ;             ;
; Use Fast Timing Models                                                                               ; Off                ;      ;    ;             ;
; Report IO Paths Separately                                                                           ; Off                ;      ;    ;             ;
; Perform Multicorner Analysis                                                                         ; On                 ;      ;    ;             ;
; Reports the worst-case path for each clock domain and analysis                                       ; Off                ;      ;    ;             ;
; Reports worst-case timing paths for each clock domain and analysis                                   ; On                 ;      ;    ;             ;
; Specifies the maximum number of worst-case timing paths to report for each clock domain and analysis ; 100                ;      ;    ;             ;
; Removes common clock path pessimism (CCPP) during slack computation                                  ; Off                ;      ;    ;             ;
; Output I/O Timing Endpoint                                                                           ; Near End           ;      ;    ;             ;
+------------------------------------------------------------------------------------------------------+--------------------+------+----+-------------+


+------------------------------------------------------------------------------------------------------------------------------------------------------------------------------------+
; Clock Settings Summary                                                                                                                                                             ;
+-----------------+--------------------+----------+------------------+---------------+--------------+----------+-----------------------+---------------------+--------+--------------+
; Clock Node Name ; Clock Setting Name ; Type     ; Fmax Requirement ; Early Latency ; Late Latency ; Based on ; Multiply Base Fmax by ; Divide Base Fmax by ; Offset ; Phase offset ;
+-----------------+--------------------+----------+------------------+---------------+--------------+----------+-----------------------+---------------------+--------+--------------+
; CLOCK_50        ;                    ; User Pin ; None             ; 0.000 ns      ; 0.000 ns     ; --       ; N/A                   ; N/A                 ; N/A    ;              ;
+-----------------+--------------------+----------+------------------+---------------+--------------+----------+-----------------------+---------------------+--------+--------------+


Parallel compilation was disabled, but you have multiple processors available. Enable parallel compilation to reduce compilation time.
+-------------------------------------+
; Parallel Compilation                ;
+----------------------------+--------+
; Processors                 ; Number ;
+----------------------------+--------+
; Number detected on machine ; 4      ;
; Maximum allowed            ; 1      ;
+----------------------------+--------+


+-------------------------------------------------------------------------------------------------------------------------------------------------------------------------------------------------------------------------------------------------------------------------------------------------------------------------------------------------------------------------+
; Clock Setup: 'CLOCK_50'                                                                                                                                                                                                                                                                                                                                                 ;
+-------+------------------------------------------------+--------------------------------------------------------------------------------------------------------------+-------------------------------------------------------------------------------------+------------+----------+-----------------------------+---------------------------+-------------------------+
; Slack ; Actual fmax (period)                           ; From                                                                                                         ; To                                                                                  ; From Clock ; To Clock ; Required Setup Relationship ; Required Longest P2P Time ; Actual Longest P2P Time ;
+-------+------------------------------------------------+--------------------------------------------------------------------------------------------------------------+-------------------------------------------------------------------------------------+------------+----------+-----------------------------+---------------------------+-------------------------+
; N/A   ; 212.68 MHz ( period = 4.702 ns )               ; keyboard:inst7|scan_code[1]                                                                                  ; reg8:inst9|state[1]                                                                 ; CLOCK_50   ; CLOCK_50 ; None                        ; None                      ; 0.812 ns                ;
; N/A   ; 218.67 MHz ( period = 4.573 ns )               ; keyboard:inst7|scan_code[4]                                                                                  ; reg8:inst9|state[4]                                                                 ; CLOCK_50   ; CLOCK_50 ; None                        ; None                      ; 0.681 ns                ;
; N/A   ; 225.58 MHz ( period = 4.433 ns )               ; keyboard:inst7|scan_code[3]                                                                                  ; reg8:inst9|state[3]                                                                 ; CLOCK_50   ; CLOCK_50 ; None                        ; None                      ; 0.541 ns                ;
; N/A   ; 225.84 MHz ( period = 4.428 ns )               ; keyboard:inst7|scan_code[7]                                                                                  ; reg8:inst9|state[7]                                                                 ; CLOCK_50   ; CLOCK_50 ; None                        ; None                      ; 0.536 ns                ;
; N/A   ; 225.84 MHz ( period = 4.428 ns )               ; keyboard:inst7|scan_code[5]                                                                                  ; reg8:inst9|state[5]                                                                 ; CLOCK_50   ; CLOCK_50 ; None                        ; None                      ; 0.536 ns                ;
; N/A   ; 225.94 MHz ( period = 4.426 ns )               ; keyboard:inst7|scan_code[6]                                                                                  ; reg8:inst9|state[6]                                                                 ; CLOCK_50   ; CLOCK_50 ; None                        ; None                      ; 0.534 ns                ;
; N/A   ; 225.94 MHz ( period = 4.426 ns )               ; keyboard:inst7|scan_code[2]                                                                                  ; reg8:inst9|state[2]                                                                 ; CLOCK_50   ; CLOCK_50 ; None                        ; None                      ; 0.534 ns                ;
; N/A   ; 226.19 MHz ( period = 4.421 ns )               ; keyboard:inst7|scan_code[0]                                                                                  ; reg8:inst9|state[0]                                                                 ; CLOCK_50   ; CLOCK_50 ; None                        ; None                      ; 0.529 ns                ;
; N/A   ; Restricted to 260.01 MHz ( period = 3.846 ns ) ; lpm_rom0:inst|altsyncram:altsyncram_component|altsyncram_g381:auto_generated|ram_block1a0~porta_address_reg0 ; lpm_rom0:inst|altsyncram:altsyncram_component|altsyncram_g381:auto_generated|q_a[0] ; CLOCK_50   ; CLOCK_50 ; None                        ; None                      ; 2.894 ns                ;
; N/A   ; Restricted to 260.01 MHz ( period = 3.846 ns ) ; lpm_rom0:inst|altsyncram:altsyncram_component|altsyncram_g381:auto_generated|ram_block1a0~porta_address_reg0 ; lpm_rom0:inst|altsyncram:altsyncram_component|altsyncram_g381:auto_generated|q_a[1] ; CLOCK_50   ; CLOCK_50 ; None                        ; None                      ; 2.894 ns                ;
; N/A   ; Restricted to 260.01 MHz ( period = 3.846 ns ) ; lpm_rom0:inst|altsyncram:altsyncram_component|altsyncram_g381:auto_generated|ram_block1a0~porta_address_reg0 ; lpm_rom0:inst|altsyncram:altsyncram_component|altsyncram_g381:auto_generated|q_a[2] ; CLOCK_50   ; CLOCK_50 ; None                        ; None                      ; 2.894 ns                ;
; N/A   ; Restricted to 260.01 MHz ( period = 3.846 ns ) ; lpm_rom0:inst|altsyncram:altsyncram_component|altsyncram_g381:auto_generated|ram_block1a0~porta_address_reg0 ; lpm_rom0:inst|altsyncram:altsyncram_component|altsyncram_g381:auto_generated|q_a[3] ; CLOCK_50   ; CLOCK_50 ; None                        ; None                      ; 2.894 ns                ;
; N/A   ; Restricted to 260.01 MHz ( period = 3.846 ns ) ; lpm_rom0:inst|altsyncram:altsyncram_component|altsyncram_g381:auto_generated|ram_block1a0~porta_address_reg0 ; lpm_rom0:inst|altsyncram:altsyncram_component|altsyncram_g381:auto_generated|q_a[4] ; CLOCK_50   ; CLOCK_50 ; None                        ; None                      ; 2.894 ns                ;
; N/A   ; Restricted to 260.01 MHz ( period = 3.846 ns ) ; lpm_rom0:inst|altsyncram:altsyncram_component|altsyncram_g381:auto_generated|ram_block1a0~porta_address_reg0 ; lpm_rom0:inst|altsyncram:altsyncram_component|altsyncram_g381:auto_generated|q_a[5] ; CLOCK_50   ; CLOCK_50 ; None                        ; None                      ; 2.894 ns                ;
; N/A   ; Restricted to 260.01 MHz ( period = 3.846 ns ) ; lpm_rom0:inst|altsyncram:altsyncram_component|altsyncram_g381:auto_generated|ram_block1a0~porta_address_reg0 ; lpm_rom0:inst|altsyncram:altsyncram_component|altsyncram_g381:auto_generated|q_a[6] ; CLOCK_50   ; CLOCK_50 ; None                        ; None                      ; 2.894 ns                ;
; N/A   ; 329.49 MHz ( period = 3.035 ns )               ; keyboard:inst7|INCNT[0]                                                                                      ; keyboard:inst7|SHIFTIN[7]                                                           ; CLOCK_50   ; CLOCK_50 ; None                        ; None                      ; 2.821 ns                ;
; N/A   ; 329.49 MHz ( period = 3.035 ns )               ; keyboard:inst7|INCNT[0]                                                                                      ; keyboard:inst7|SHIFTIN[8]                                                           ; CLOCK_50   ; CLOCK_50 ; None                        ; None                      ; 2.821 ns                ;
; N/A   ; 329.49 MHz ( period = 3.035 ns )               ; keyboard:inst7|INCNT[0]                                                                                      ; keyboard:inst7|SHIFTIN[6]                                                           ; CLOCK_50   ; CLOCK_50 ; None                        ; None                      ; 2.821 ns                ;
; N/A   ; 329.49 MHz ( period = 3.035 ns )               ; keyboard:inst7|INCNT[0]                                                                                      ; keyboard:inst7|SHIFTIN[5]                                                           ; CLOCK_50   ; CLOCK_50 ; None                        ; None                      ; 2.821 ns                ;
; N/A   ; 329.49 MHz ( period = 3.035 ns )               ; keyboard:inst7|INCNT[0]                                                                                      ; keyboard:inst7|SHIFTIN[4]                                                           ; CLOCK_50   ; CLOCK_50 ; None                        ; None                      ; 2.821 ns                ;
; N/A   ; 329.49 MHz ( period = 3.035 ns )               ; keyboard:inst7|INCNT[0]                                                                                      ; keyboard:inst7|SHIFTIN[3]                                                           ; CLOCK_50   ; CLOCK_50 ; None                        ; None                      ; 2.821 ns                ;
; N/A   ; 329.49 MHz ( period = 3.035 ns )               ; keyboard:inst7|INCNT[0]                                                                                      ; keyboard:inst7|SHIFTIN[2]                                                           ; CLOCK_50   ; CLOCK_50 ; None                        ; None                      ; 2.821 ns                ;
; N/A   ; 329.49 MHz ( period = 3.035 ns )               ; keyboard:inst7|INCNT[0]                                                                                      ; keyboard:inst7|SHIFTIN[1]                                                           ; CLOCK_50   ; CLOCK_50 ; None                        ; None                      ; 2.821 ns                ;
; N/A   ; 329.49 MHz ( period = 3.035 ns )               ; keyboard:inst7|INCNT[0]                                                                                      ; keyboard:inst7|SHIFTIN[0]                                                           ; CLOCK_50   ; CLOCK_50 ; None                        ; None                      ; 2.821 ns                ;
; N/A   ; 329.82 MHz ( period = 3.032 ns )               ; keyboard:inst7|INCNT[0]                                                                                      ; keyboard:inst7|scan_code[0]                                                         ; CLOCK_50   ; CLOCK_50 ; None                        ; None                      ; 2.821 ns                ;
; N/A   ; 334.22 MHz ( period = 2.992 ns )               ; keyboard:inst7|INCNT[2]                                                                                      ; keyboard:inst7|SHIFTIN[7]                                                           ; CLOCK_50   ; CLOCK_50 ; None                        ; None                      ; 2.778 ns                ;
; N/A   ; 334.22 MHz ( period = 2.992 ns )               ; keyboard:inst7|INCNT[2]                                                                                      ; keyboard:inst7|SHIFTIN[8]                                                           ; CLOCK_50   ; CLOCK_50 ; None                        ; None                      ; 2.778 ns                ;
; N/A   ; 334.22 MHz ( period = 2.992 ns )               ; keyboard:inst7|INCNT[2]                                                                                      ; keyboard:inst7|SHIFTIN[6]                                                           ; CLOCK_50   ; CLOCK_50 ; None                        ; None                      ; 2.778 ns                ;
; N/A   ; 334.22 MHz ( period = 2.992 ns )               ; keyboard:inst7|INCNT[2]                                                                                      ; keyboard:inst7|SHIFTIN[5]                                                           ; CLOCK_50   ; CLOCK_50 ; None                        ; None                      ; 2.778 ns                ;
; N/A   ; 334.22 MHz ( period = 2.992 ns )               ; keyboard:inst7|INCNT[2]                                                                                      ; keyboard:inst7|SHIFTIN[4]                                                           ; CLOCK_50   ; CLOCK_50 ; None                        ; None                      ; 2.778 ns                ;
; N/A   ; 334.22 MHz ( period = 2.992 ns )               ; keyboard:inst7|INCNT[2]                                                                                      ; keyboard:inst7|SHIFTIN[3]                                                           ; CLOCK_50   ; CLOCK_50 ; None                        ; None                      ; 2.778 ns                ;
; N/A   ; 334.22 MHz ( period = 2.992 ns )               ; keyboard:inst7|INCNT[2]                                                                                      ; keyboard:inst7|SHIFTIN[2]                                                           ; CLOCK_50   ; CLOCK_50 ; None                        ; None                      ; 2.778 ns                ;
; N/A   ; 334.22 MHz ( period = 2.992 ns )               ; keyboard:inst7|INCNT[2]                                                                                      ; keyboard:inst7|SHIFTIN[1]                                                           ; CLOCK_50   ; CLOCK_50 ; None                        ; None                      ; 2.778 ns                ;
; N/A   ; 334.22 MHz ( period = 2.992 ns )               ; keyboard:inst7|INCNT[2]                                                                                      ; keyboard:inst7|SHIFTIN[0]                                                           ; CLOCK_50   ; CLOCK_50 ; None                        ; None                      ; 2.778 ns                ;
; N/A   ; 334.56 MHz ( period = 2.989 ns )               ; keyboard:inst7|INCNT[2]                                                                                      ; keyboard:inst7|scan_code[0]                                                         ; CLOCK_50   ; CLOCK_50 ; None                        ; None                      ; 2.778 ns                ;
; N/A   ; 350.51 MHz ( period = 2.853 ns )               ; keyboard:inst7|INCNT[0]                                                                                      ; keyboard:inst7|scan_code[7]                                                         ; CLOCK_50   ; CLOCK_50 ; None                        ; None                      ; 2.640 ns                ;
; N/A   ; 350.51 MHz ( period = 2.853 ns )               ; keyboard:inst7|INCNT[0]                                                                                      ; keyboard:inst7|scan_code[6]                                                         ; CLOCK_50   ; CLOCK_50 ; None                        ; None                      ; 2.640 ns                ;
; N/A   ; 350.51 MHz ( period = 2.853 ns )               ; keyboard:inst7|INCNT[0]                                                                                      ; keyboard:inst7|scan_code[5]                                                         ; CLOCK_50   ; CLOCK_50 ; None                        ; None                      ; 2.640 ns                ;
; N/A   ; 350.51 MHz ( period = 2.853 ns )               ; keyboard:inst7|INCNT[0]                                                                                      ; keyboard:inst7|scan_code[4]                                                         ; CLOCK_50   ; CLOCK_50 ; None                        ; None                      ; 2.640 ns                ;
; N/A   ; 350.51 MHz ( period = 2.853 ns )               ; keyboard:inst7|INCNT[0]                                                                                      ; keyboard:inst7|scan_code[3]                                                         ; CLOCK_50   ; CLOCK_50 ; None                        ; None                      ; 2.640 ns                ;
; N/A   ; 350.51 MHz ( period = 2.853 ns )               ; keyboard:inst7|INCNT[0]                                                                                      ; keyboard:inst7|scan_code[2]                                                         ; CLOCK_50   ; CLOCK_50 ; None                        ; None                      ; 2.640 ns                ;
; N/A   ; 350.51 MHz ( period = 2.853 ns )               ; keyboard:inst7|INCNT[0]                                                                                      ; keyboard:inst7|scan_code[1]                                                         ; CLOCK_50   ; CLOCK_50 ; None                        ; None                      ; 2.640 ns                ;
; N/A   ; 352.11 MHz ( period = 2.840 ns )               ; keyboard:inst7|INCNT[3]                                                                                      ; keyboard:inst7|SHIFTIN[7]                                                           ; CLOCK_50   ; CLOCK_50 ; None                        ; None                      ; 2.626 ns                ;
; N/A   ; 352.11 MHz ( period = 2.840 ns )               ; keyboard:inst7|INCNT[3]                                                                                      ; keyboard:inst7|SHIFTIN[8]                                                           ; CLOCK_50   ; CLOCK_50 ; None                        ; None                      ; 2.626 ns                ;
; N/A   ; 352.11 MHz ( period = 2.840 ns )               ; keyboard:inst7|INCNT[3]                                                                                      ; keyboard:inst7|SHIFTIN[6]                                                           ; CLOCK_50   ; CLOCK_50 ; None                        ; None                      ; 2.626 ns                ;
; N/A   ; 352.11 MHz ( period = 2.840 ns )               ; keyboard:inst7|INCNT[3]                                                                                      ; keyboard:inst7|SHIFTIN[5]                                                           ; CLOCK_50   ; CLOCK_50 ; None                        ; None                      ; 2.626 ns                ;
; N/A   ; 352.11 MHz ( period = 2.840 ns )               ; keyboard:inst7|INCNT[3]                                                                                      ; keyboard:inst7|SHIFTIN[4]                                                           ; CLOCK_50   ; CLOCK_50 ; None                        ; None                      ; 2.626 ns                ;
; N/A   ; 352.11 MHz ( period = 2.840 ns )               ; keyboard:inst7|INCNT[3]                                                                                      ; keyboard:inst7|SHIFTIN[3]                                                           ; CLOCK_50   ; CLOCK_50 ; None                        ; None                      ; 2.626 ns                ;
; N/A   ; 352.11 MHz ( period = 2.840 ns )               ; keyboard:inst7|INCNT[3]                                                                                      ; keyboard:inst7|SHIFTIN[2]                                                           ; CLOCK_50   ; CLOCK_50 ; None                        ; None                      ; 2.626 ns                ;
; N/A   ; 352.11 MHz ( period = 2.840 ns )               ; keyboard:inst7|INCNT[3]                                                                                      ; keyboard:inst7|SHIFTIN[1]                                                           ; CLOCK_50   ; CLOCK_50 ; None                        ; None                      ; 2.626 ns                ;
; N/A   ; 352.11 MHz ( period = 2.840 ns )               ; keyboard:inst7|INCNT[3]                                                                                      ; keyboard:inst7|SHIFTIN[0]                                                           ; CLOCK_50   ; CLOCK_50 ; None                        ; None                      ; 2.626 ns                ;
; N/A   ; 352.49 MHz ( period = 2.837 ns )               ; keyboard:inst7|INCNT[3]                                                                                      ; keyboard:inst7|scan_code[0]                                                         ; CLOCK_50   ; CLOCK_50 ; None                        ; None                      ; 2.626 ns                ;
; N/A   ; 355.87 MHz ( period = 2.810 ns )               ; keyboard:inst7|INCNT[2]                                                                                      ; keyboard:inst7|scan_code[7]                                                         ; CLOCK_50   ; CLOCK_50 ; None                        ; None                      ; 2.597 ns                ;
; N/A   ; 355.87 MHz ( period = 2.810 ns )               ; keyboard:inst7|INCNT[2]                                                                                      ; keyboard:inst7|scan_code[6]                                                         ; CLOCK_50   ; CLOCK_50 ; None                        ; None                      ; 2.597 ns                ;
; N/A   ; 355.87 MHz ( period = 2.810 ns )               ; keyboard:inst7|INCNT[2]                                                                                      ; keyboard:inst7|scan_code[5]                                                         ; CLOCK_50   ; CLOCK_50 ; None                        ; None                      ; 2.597 ns                ;
; N/A   ; 355.87 MHz ( period = 2.810 ns )               ; keyboard:inst7|INCNT[2]                                                                                      ; keyboard:inst7|scan_code[4]                                                         ; CLOCK_50   ; CLOCK_50 ; None                        ; None                      ; 2.597 ns                ;
; N/A   ; 355.87 MHz ( period = 2.810 ns )               ; keyboard:inst7|INCNT[2]                                                                                      ; keyboard:inst7|scan_code[3]                                                         ; CLOCK_50   ; CLOCK_50 ; None                        ; None                      ; 2.597 ns                ;
; N/A   ; 355.87 MHz ( period = 2.810 ns )               ; keyboard:inst7|INCNT[2]                                                                                      ; keyboard:inst7|scan_code[2]                                                         ; CLOCK_50   ; CLOCK_50 ; None                        ; None                      ; 2.597 ns                ;
; N/A   ; 355.87 MHz ( period = 2.810 ns )               ; keyboard:inst7|INCNT[2]                                                                                      ; keyboard:inst7|scan_code[1]                                                         ; CLOCK_50   ; CLOCK_50 ; None                        ; None                      ; 2.597 ns                ;
; N/A   ; 368.46 MHz ( period = 2.714 ns )               ; keyboard:inst7|INCNT[1]                                                                                      ; keyboard:inst7|SHIFTIN[7]                                                           ; CLOCK_50   ; CLOCK_50 ; None                        ; None                      ; 2.500 ns                ;
; N/A   ; 368.46 MHz ( period = 2.714 ns )               ; keyboard:inst7|INCNT[1]                                                                                      ; keyboard:inst7|SHIFTIN[8]                                                           ; CLOCK_50   ; CLOCK_50 ; None                        ; None                      ; 2.500 ns                ;
; N/A   ; 368.46 MHz ( period = 2.714 ns )               ; keyboard:inst7|INCNT[1]                                                                                      ; keyboard:inst7|SHIFTIN[6]                                                           ; CLOCK_50   ; CLOCK_50 ; None                        ; None                      ; 2.500 ns                ;
; N/A   ; 368.46 MHz ( period = 2.714 ns )               ; keyboard:inst7|INCNT[1]                                                                                      ; keyboard:inst7|SHIFTIN[5]                                                           ; CLOCK_50   ; CLOCK_50 ; None                        ; None                      ; 2.500 ns                ;
; N/A   ; 368.46 MHz ( period = 2.714 ns )               ; keyboard:inst7|INCNT[1]                                                                                      ; keyboard:inst7|SHIFTIN[4]                                                           ; CLOCK_50   ; CLOCK_50 ; None                        ; None                      ; 2.500 ns                ;
; N/A   ; 368.46 MHz ( period = 2.714 ns )               ; keyboard:inst7|INCNT[1]                                                                                      ; keyboard:inst7|SHIFTIN[3]                                                           ; CLOCK_50   ; CLOCK_50 ; None                        ; None                      ; 2.500 ns                ;
; N/A   ; 368.46 MHz ( period = 2.714 ns )               ; keyboard:inst7|INCNT[1]                                                                                      ; keyboard:inst7|SHIFTIN[2]                                                           ; CLOCK_50   ; CLOCK_50 ; None                        ; None                      ; 2.500 ns                ;
; N/A   ; 368.46 MHz ( period = 2.714 ns )               ; keyboard:inst7|INCNT[1]                                                                                      ; keyboard:inst7|SHIFTIN[1]                                                           ; CLOCK_50   ; CLOCK_50 ; None                        ; None                      ; 2.500 ns                ;
; N/A   ; 368.46 MHz ( period = 2.714 ns )               ; keyboard:inst7|INCNT[1]                                                                                      ; keyboard:inst7|SHIFTIN[0]                                                           ; CLOCK_50   ; CLOCK_50 ; None                        ; None                      ; 2.500 ns                ;
; N/A   ; 368.87 MHz ( period = 2.711 ns )               ; keyboard:inst7|INCNT[1]                                                                                      ; keyboard:inst7|scan_code[0]                                                         ; CLOCK_50   ; CLOCK_50 ; None                        ; None                      ; 2.500 ns                ;
; N/A   ; 376.22 MHz ( period = 2.658 ns )               ; keyboard:inst7|INCNT[3]                                                                                      ; keyboard:inst7|scan_code[7]                                                         ; CLOCK_50   ; CLOCK_50 ; None                        ; None                      ; 2.445 ns                ;
; N/A   ; 376.22 MHz ( period = 2.658 ns )               ; keyboard:inst7|INCNT[3]                                                                                      ; keyboard:inst7|scan_code[6]                                                         ; CLOCK_50   ; CLOCK_50 ; None                        ; None                      ; 2.445 ns                ;
; N/A   ; 376.22 MHz ( period = 2.658 ns )               ; keyboard:inst7|INCNT[3]                                                                                      ; keyboard:inst7|scan_code[5]                                                         ; CLOCK_50   ; CLOCK_50 ; None                        ; None                      ; 2.445 ns                ;
; N/A   ; 376.22 MHz ( period = 2.658 ns )               ; keyboard:inst7|INCNT[3]                                                                                      ; keyboard:inst7|scan_code[4]                                                         ; CLOCK_50   ; CLOCK_50 ; None                        ; None                      ; 2.445 ns                ;
; N/A   ; 376.22 MHz ( period = 2.658 ns )               ; keyboard:inst7|INCNT[3]                                                                                      ; keyboard:inst7|scan_code[3]                                                         ; CLOCK_50   ; CLOCK_50 ; None                        ; None                      ; 2.445 ns                ;
; N/A   ; 376.22 MHz ( period = 2.658 ns )               ; keyboard:inst7|INCNT[3]                                                                                      ; keyboard:inst7|scan_code[2]                                                         ; CLOCK_50   ; CLOCK_50 ; None                        ; None                      ; 2.445 ns                ;
; N/A   ; 376.22 MHz ( period = 2.658 ns )               ; keyboard:inst7|INCNT[3]                                                                                      ; keyboard:inst7|scan_code[1]                                                         ; CLOCK_50   ; CLOCK_50 ; None                        ; None                      ; 2.445 ns                ;
; N/A   ; 384.62 MHz ( period = 2.600 ns )               ; keyboard:inst7|INCNT[0]                                                                                      ; keyboard:inst7|READ_CHAR                                                            ; CLOCK_50   ; CLOCK_50 ; None                        ; None                      ; 2.386 ns                ;
; N/A   ; 391.08 MHz ( period = 2.557 ns )               ; keyboard:inst7|INCNT[2]                                                                                      ; keyboard:inst7|READ_CHAR                                                            ; CLOCK_50   ; CLOCK_50 ; None                        ; None                      ; 2.343 ns                ;
; N/A   ; 394.94 MHz ( period = 2.532 ns )               ; keyboard:inst7|INCNT[1]                                                                                      ; keyboard:inst7|scan_code[7]                                                         ; CLOCK_50   ; CLOCK_50 ; None                        ; None                      ; 2.319 ns                ;
; N/A   ; 394.94 MHz ( period = 2.532 ns )               ; keyboard:inst7|INCNT[1]                                                                                      ; keyboard:inst7|scan_code[6]                                                         ; CLOCK_50   ; CLOCK_50 ; None                        ; None                      ; 2.319 ns                ;
; N/A   ; 394.94 MHz ( period = 2.532 ns )               ; keyboard:inst7|INCNT[1]                                                                                      ; keyboard:inst7|scan_code[5]                                                         ; CLOCK_50   ; CLOCK_50 ; None                        ; None                      ; 2.319 ns                ;
; N/A   ; 394.94 MHz ( period = 2.532 ns )               ; keyboard:inst7|INCNT[1]                                                                                      ; keyboard:inst7|scan_code[4]                                                         ; CLOCK_50   ; CLOCK_50 ; None                        ; None                      ; 2.319 ns                ;
; N/A   ; 394.94 MHz ( period = 2.532 ns )               ; keyboard:inst7|INCNT[1]                                                                                      ; keyboard:inst7|scan_code[3]                                                         ; CLOCK_50   ; CLOCK_50 ; None                        ; None                      ; 2.319 ns                ;
; N/A   ; 394.94 MHz ( period = 2.532 ns )               ; keyboard:inst7|INCNT[1]                                                                                      ; keyboard:inst7|scan_code[2]                                                         ; CLOCK_50   ; CLOCK_50 ; None                        ; None                      ; 2.319 ns                ;
; N/A   ; 394.94 MHz ( period = 2.532 ns )               ; keyboard:inst7|INCNT[1]                                                                                      ; keyboard:inst7|scan_code[1]                                                         ; CLOCK_50   ; CLOCK_50 ; None                        ; None                      ; 2.319 ns                ;
; N/A   ; 415.80 MHz ( period = 2.405 ns )               ; keyboard:inst7|INCNT[3]                                                                                      ; keyboard:inst7|READ_CHAR                                                            ; CLOCK_50   ; CLOCK_50 ; None                        ; None                      ; 2.191 ns                ;
; N/A   ; Restricted to 420.17 MHz ( period = 2.380 ns ) ; keyboard:inst7|INCNT[0]                                                                                      ; keyboard:inst7|INCNT[0]                                                             ; CLOCK_50   ; CLOCK_50 ; None                        ; None                      ; 2.143 ns                ;
; N/A   ; Restricted to 420.17 MHz ( period = 2.380 ns ) ; keyboard:inst7|INCNT[0]                                                                                      ; keyboard:inst7|INCNT[2]                                                             ; CLOCK_50   ; CLOCK_50 ; None                        ; None                      ; 2.142 ns                ;
; N/A   ; Restricted to 420.17 MHz ( period = 2.380 ns ) ; keyboard:inst7|INCNT[0]                                                                                      ; keyboard:inst7|INCNT[1]                                                             ; CLOCK_50   ; CLOCK_50 ; None                        ; None                      ; 2.140 ns                ;
; N/A   ; Restricted to 420.17 MHz ( period = 2.380 ns ) ; keyboard:inst7|INCNT[0]                                                                                      ; keyboard:inst7|INCNT[3]                                                             ; CLOCK_50   ; CLOCK_50 ; None                        ; None                      ; 2.139 ns                ;
; N/A   ; Restricted to 420.17 MHz ( period = 2.380 ns ) ; keyboard:inst7|INCNT[2]                                                                                      ; keyboard:inst7|INCNT[0]                                                             ; CLOCK_50   ; CLOCK_50 ; None                        ; None                      ; 2.100 ns                ;
; N/A   ; Restricted to 420.17 MHz ( period = 2.380 ns ) ; keyboard:inst7|INCNT[2]                                                                                      ; keyboard:inst7|INCNT[2]                                                             ; CLOCK_50   ; CLOCK_50 ; None                        ; None                      ; 2.099 ns                ;
; N/A   ; Restricted to 420.17 MHz ( period = 2.380 ns ) ; keyboard:inst7|INCNT[2]                                                                                      ; keyboard:inst7|INCNT[1]                                                             ; CLOCK_50   ; CLOCK_50 ; None                        ; None                      ; 2.097 ns                ;
; N/A   ; Restricted to 420.17 MHz ( period = 2.380 ns ) ; keyboard:inst7|INCNT[2]                                                                                      ; keyboard:inst7|INCNT[3]                                                             ; CLOCK_50   ; CLOCK_50 ; None                        ; None                      ; 2.096 ns                ;
; N/A   ; Restricted to 420.17 MHz ( period = 2.380 ns ) ; keyboard:inst7|INCNT[1]                                                                                      ; keyboard:inst7|READ_CHAR                                                            ; CLOCK_50   ; CLOCK_50 ; None                        ; None                      ; 2.065 ns                ;
; N/A   ; Restricted to 420.17 MHz ( period = 2.380 ns ) ; keyboard:inst7|READ_CHAR                                                                                     ; keyboard:inst7|SHIFTIN[7]                                                           ; CLOCK_50   ; CLOCK_50 ; None                        ; None                      ; 1.973 ns                ;
; N/A   ; Restricted to 420.17 MHz ( period = 2.380 ns ) ; keyboard:inst7|READ_CHAR                                                                                     ; keyboard:inst7|SHIFTIN[8]                                                           ; CLOCK_50   ; CLOCK_50 ; None                        ; None                      ; 1.973 ns                ;
; N/A   ; Restricted to 420.17 MHz ( period = 2.380 ns ) ; keyboard:inst7|READ_CHAR                                                                                     ; keyboard:inst7|SHIFTIN[6]                                                           ; CLOCK_50   ; CLOCK_50 ; None                        ; None                      ; 1.973 ns                ;
; N/A   ; Restricted to 420.17 MHz ( period = 2.380 ns ) ; keyboard:inst7|READ_CHAR                                                                                     ; keyboard:inst7|SHIFTIN[5]                                                           ; CLOCK_50   ; CLOCK_50 ; None                        ; None                      ; 1.973 ns                ;
; N/A   ; Restricted to 420.17 MHz ( period = 2.380 ns ) ; keyboard:inst7|READ_CHAR                                                                                     ; keyboard:inst7|SHIFTIN[4]                                                           ; CLOCK_50   ; CLOCK_50 ; None                        ; None                      ; 1.973 ns                ;
; N/A   ; Restricted to 420.17 MHz ( period = 2.380 ns ) ; keyboard:inst7|READ_CHAR                                                                                     ; keyboard:inst7|SHIFTIN[3]                                                           ; CLOCK_50   ; CLOCK_50 ; None                        ; None                      ; 1.973 ns                ;
; N/A   ; Restricted to 420.17 MHz ( period = 2.380 ns ) ; keyboard:inst7|READ_CHAR                                                                                     ; keyboard:inst7|SHIFTIN[2]                                                           ; CLOCK_50   ; CLOCK_50 ; None                        ; None                      ; 1.973 ns                ;
; N/A   ; Restricted to 420.17 MHz ( period = 2.380 ns ) ; keyboard:inst7|READ_CHAR                                                                                     ; keyboard:inst7|SHIFTIN[1]                                                           ; CLOCK_50   ; CLOCK_50 ; None                        ; None                      ; 1.973 ns                ;
; N/A   ; Restricted to 420.17 MHz ( period = 2.380 ns ) ; keyboard:inst7|READ_CHAR                                                                                     ; keyboard:inst7|SHIFTIN[0]                                                           ; CLOCK_50   ; CLOCK_50 ; None                        ; None                      ; 1.973 ns                ;
; N/A   ; Restricted to 420.17 MHz ( period = 2.380 ns ) ; keyboard:inst7|READ_CHAR                                                                                     ; keyboard:inst7|scan_code[0]                                                         ; CLOCK_50   ; CLOCK_50 ; None                        ; None                      ; 1.967 ns                ;
; N/A   ; Restricted to 420.17 MHz ( period = 2.380 ns ) ; keyboard:inst7|INCNT[3]                                                                                      ; keyboard:inst7|INCNT[0]                                                             ; CLOCK_50   ; CLOCK_50 ; None                        ; None                      ; 1.948 ns                ;
; N/A   ; Restricted to 420.17 MHz ( period = 2.380 ns ) ; keyboard:inst7|INCNT[3]                                                                                      ; keyboard:inst7|INCNT[2]                                                             ; CLOCK_50   ; CLOCK_50 ; None                        ; None                      ; 1.947 ns                ;
; N/A   ; Restricted to 420.17 MHz ( period = 2.380 ns ) ; keyboard:inst7|INCNT[3]                                                                                      ; keyboard:inst7|INCNT[1]                                                             ; CLOCK_50   ; CLOCK_50 ; None                        ; None                      ; 1.945 ns                ;
; N/A   ; Restricted to 420.17 MHz ( period = 2.380 ns ) ; keyboard:inst7|INCNT[3]                                                                                      ; keyboard:inst7|INCNT[3]                                                             ; CLOCK_50   ; CLOCK_50 ; None                        ; None                      ; 1.944 ns                ;
; N/A   ; Restricted to 420.17 MHz ( period = 2.380 ns ) ; keyboard:inst7|INCNT[1]                                                                                      ; keyboard:inst7|INCNT[0]                                                             ; CLOCK_50   ; CLOCK_50 ; None                        ; None                      ; 1.822 ns                ;
; N/A   ; Restricted to 420.17 MHz ( period = 2.380 ns ) ; keyboard:inst7|INCNT[1]                                                                                      ; keyboard:inst7|INCNT[2]                                                             ; CLOCK_50   ; CLOCK_50 ; None                        ; None                      ; 1.821 ns                ;
; N/A   ; Restricted to 420.17 MHz ( period = 2.380 ns ) ; keyboard:inst7|INCNT[1]                                                                                      ; keyboard:inst7|INCNT[1]                                                             ; CLOCK_50   ; CLOCK_50 ; None                        ; None                      ; 1.819 ns                ;
; N/A   ; Restricted to 420.17 MHz ( period = 2.380 ns ) ; keyboard:inst7|INCNT[1]                                                                                      ; keyboard:inst7|INCNT[3]                                                             ; CLOCK_50   ; CLOCK_50 ; None                        ; None                      ; 1.818 ns                ;
; N/A   ; Restricted to 420.17 MHz ( period = 2.380 ns ) ; keyboard:inst7|READ_CHAR                                                                                     ; keyboard:inst7|scan_code[7]                                                         ; CLOCK_50   ; CLOCK_50 ; None                        ; None                      ; 1.786 ns                ;
; N/A   ; Restricted to 420.17 MHz ( period = 2.380 ns ) ; keyboard:inst7|READ_CHAR                                                                                     ; keyboard:inst7|scan_code[6]                                                         ; CLOCK_50   ; CLOCK_50 ; None                        ; None                      ; 1.786 ns                ;
; N/A   ; Restricted to 420.17 MHz ( period = 2.380 ns ) ; keyboard:inst7|READ_CHAR                                                                                     ; keyboard:inst7|scan_code[5]                                                         ; CLOCK_50   ; CLOCK_50 ; None                        ; None                      ; 1.786 ns                ;
; N/A   ; Restricted to 420.17 MHz ( period = 2.380 ns ) ; keyboard:inst7|READ_CHAR                                                                                     ; keyboard:inst7|scan_code[4]                                                         ; CLOCK_50   ; CLOCK_50 ; None                        ; None                      ; 1.786 ns                ;
; N/A   ; Restricted to 420.17 MHz ( period = 2.380 ns ) ; keyboard:inst7|READ_CHAR                                                                                     ; keyboard:inst7|scan_code[3]                                                         ; CLOCK_50   ; CLOCK_50 ; None                        ; None                      ; 1.786 ns                ;
; N/A   ; Restricted to 420.17 MHz ( period = 2.380 ns ) ; keyboard:inst7|READ_CHAR                                                                                     ; keyboard:inst7|scan_code[2]                                                         ; CLOCK_50   ; CLOCK_50 ; None                        ; None                      ; 1.786 ns                ;
; N/A   ; Restricted to 420.17 MHz ( period = 2.380 ns ) ; keyboard:inst7|READ_CHAR                                                                                     ; keyboard:inst7|scan_code[1]                                                         ; CLOCK_50   ; CLOCK_50 ; None                        ; None                      ; 1.786 ns                ;
; N/A   ; Restricted to 420.17 MHz ( period = 2.380 ns ) ; keyboard:inst7|READ_CHAR                                                                                     ; keyboard:inst7|INCNT[0]                                                             ; CLOCK_50   ; CLOCK_50 ; None                        ; None                      ; 1.631 ns                ;
; N/A   ; Restricted to 420.17 MHz ( period = 2.380 ns ) ; keyboard:inst7|READ_CHAR                                                                                     ; keyboard:inst7|INCNT[2]                                                             ; CLOCK_50   ; CLOCK_50 ; None                        ; None                      ; 1.631 ns                ;
; N/A   ; Restricted to 420.17 MHz ( period = 2.380 ns ) ; keyboard:inst7|READ_CHAR                                                                                     ; keyboard:inst7|INCNT[3]                                                             ; CLOCK_50   ; CLOCK_50 ; None                        ; None                      ; 1.631 ns                ;
; N/A   ; Restricted to 420.17 MHz ( period = 2.380 ns ) ; keyboard:inst7|READ_CHAR                                                                                     ; keyboard:inst7|INCNT[1]                                                             ; CLOCK_50   ; CLOCK_50 ; None                        ; None                      ; 1.631 ns                ;
; N/A   ; Restricted to 420.17 MHz ( period = 2.380 ns ) ; keyboard:inst7|keyboard_clk_filtered                                                                         ; keyboard:inst7|keyboard_clk_filtered                                                ; CLOCK_50   ; CLOCK_50 ; None                        ; None                      ; 1.454 ns                ;
; N/A   ; Restricted to 420.17 MHz ( period = 2.380 ns ) ; keyboard:inst7|clock_enable                                                                                  ; keyboard:inst7|filter[1]                                                            ; CLOCK_50   ; CLOCK_50 ; None                        ; None                      ; 1.141 ns                ;
; N/A   ; Restricted to 420.17 MHz ( period = 2.380 ns ) ; keyboard:inst7|clock_enable                                                                                  ; keyboard:inst7|filter[6]                                                            ; CLOCK_50   ; CLOCK_50 ; None                        ; None                      ; 1.141 ns                ;
; N/A   ; Restricted to 420.17 MHz ( period = 2.380 ns ) ; keyboard:inst7|clock_enable                                                                                  ; keyboard:inst7|filter[0]                                                            ; CLOCK_50   ; CLOCK_50 ; None                        ; None                      ; 1.141 ns                ;
; N/A   ; Restricted to 420.17 MHz ( period = 2.380 ns ) ; keyboard:inst7|clock_enable                                                                                  ; keyboard:inst7|filter[4]                                                            ; CLOCK_50   ; CLOCK_50 ; None                        ; None                      ; 1.141 ns                ;
; N/A   ; Restricted to 420.17 MHz ( period = 2.380 ns ) ; keyboard:inst7|clock_enable                                                                                  ; keyboard:inst7|filter[7]                                                            ; CLOCK_50   ; CLOCK_50 ; None                        ; None                      ; 1.141 ns                ;
; N/A   ; Restricted to 420.17 MHz ( period = 2.380 ns ) ; keyboard:inst7|clock_enable                                                                                  ; keyboard:inst7|filter[2]                                                            ; CLOCK_50   ; CLOCK_50 ; None                        ; None                      ; 1.141 ns                ;
; N/A   ; Restricted to 420.17 MHz ( period = 2.380 ns ) ; keyboard:inst7|clock_enable                                                                                  ; keyboard:inst7|filter[5]                                                            ; CLOCK_50   ; CLOCK_50 ; None                        ; None                      ; 1.141 ns                ;
; N/A   ; Restricted to 420.17 MHz ( period = 2.380 ns ) ; keyboard:inst7|clock_enable                                                                                  ; keyboard:inst7|filter[3]                                                            ; CLOCK_50   ; CLOCK_50 ; None                        ; None                      ; 1.141 ns                ;
; N/A   ; Restricted to 420.17 MHz ( period = 2.380 ns ) ; keyboard:inst7|SHIFTIN[0]                                                                                    ; keyboard:inst7|scan_code[0]                                                         ; CLOCK_50   ; CLOCK_50 ; None                        ; None                      ; 1.073 ns                ;
; N/A   ; Restricted to 420.17 MHz ( period = 2.380 ns ) ; keyboard:inst7|filter[3]                                                                                     ; keyboard:inst7|filter[2]                                                            ; CLOCK_50   ; CLOCK_50 ; None                        ; None                      ; 0.871 ns                ;
; N/A   ; Restricted to 420.17 MHz ( period = 2.380 ns ) ; keyboard:inst7|SHIFTIN[1]                                                                                    ; keyboard:inst7|scan_code[1]                                                         ; CLOCK_50   ; CLOCK_50 ; None                        ; None                      ; 0.865 ns                ;
; N/A   ; Restricted to 420.17 MHz ( period = 2.380 ns ) ; keyboard:inst7|SHIFTIN[4]                                                                                    ; keyboard:inst7|scan_code[4]                                                         ; CLOCK_50   ; CLOCK_50 ; None                        ; None                      ; 0.739 ns                ;
; N/A   ; Restricted to 420.17 MHz ( period = 2.380 ns ) ; keyboard:inst7|SHIFTIN[7]                                                                                    ; keyboard:inst7|scan_code[7]                                                         ; CLOCK_50   ; CLOCK_50 ; None                        ; None                      ; 0.736 ns                ;
; N/A   ; Restricted to 420.17 MHz ( period = 2.380 ns ) ; keyboard:inst7|SHIFTIN[3]                                                                                    ; keyboard:inst7|scan_code[3]                                                         ; CLOCK_50   ; CLOCK_50 ; None                        ; None                      ; 0.729 ns                ;
; N/A   ; Restricted to 420.17 MHz ( period = 2.380 ns ) ; keyboard:inst7|SHIFTIN[2]                                                                                    ; keyboard:inst7|scan_code[2]                                                         ; CLOCK_50   ; CLOCK_50 ; None                        ; None                      ; 0.727 ns                ;
; N/A   ; Restricted to 420.17 MHz ( period = 2.380 ns ) ; keyboard:inst7|SHIFTIN[6]                                                                                    ; keyboard:inst7|scan_code[6]                                                         ; CLOCK_50   ; CLOCK_50 ; None                        ; None                      ; 0.725 ns                ;
; N/A   ; Restricted to 420.17 MHz ( period = 2.380 ns ) ; keyboard:inst7|filter[1]                                                                                     ; keyboard:inst7|filter[0]                                                            ; CLOCK_50   ; CLOCK_50 ; None                        ; None                      ; 0.683 ns                ;
; N/A   ; Restricted to 420.17 MHz ( period = 2.380 ns ) ; keyboard:inst7|SHIFTIN[5]                                                                                    ; keyboard:inst7|scan_code[5]                                                         ; CLOCK_50   ; CLOCK_50 ; None                        ; None                      ; 0.684 ns                ;
; N/A   ; Restricted to 420.17 MHz ( period = 2.380 ns ) ; keyboard:inst7|filter[4]                                                                                     ; keyboard:inst7|filter[3]                                                            ; CLOCK_50   ; CLOCK_50 ; None                        ; None                      ; 0.681 ns                ;
; N/A   ; Restricted to 420.17 MHz ( period = 2.380 ns ) ; keyboard:inst7|SHIFTIN[4]                                                                                    ; keyboard:inst7|SHIFTIN[3]                                                           ; CLOCK_50   ; CLOCK_50 ; None                        ; None                      ; 0.648 ns                ;
; N/A   ; Restricted to 420.17 MHz ( period = 2.380 ns ) ; keyboard:inst7|SHIFTIN[5]                                                                                    ; keyboard:inst7|SHIFTIN[4]                                                           ; CLOCK_50   ; CLOCK_50 ; None                        ; None                      ; 0.646 ns                ;
; N/A   ; Restricted to 420.17 MHz ( period = 2.380 ns ) ; keyboard:inst7|filter[4]                                                                                     ; keyboard:inst7|keyboard_clk_filtered                                                ; CLOCK_50   ; CLOCK_50 ; None                        ; None                      ; 1.683 ns                ;
; N/A   ; Restricted to 420.17 MHz ( period = 2.380 ns ) ; keyboard:inst7|filter[5]                                                                                     ; keyboard:inst7|filter[4]                                                            ; CLOCK_50   ; CLOCK_50 ; None                        ; None                      ; 0.553 ns                ;
; N/A   ; Restricted to 420.17 MHz ( period = 2.380 ns ) ; keyboard:inst7|filter[2]                                                                                     ; keyboard:inst7|filter[1]                                                            ; CLOCK_50   ; CLOCK_50 ; None                        ; None                      ; 0.548 ns                ;
; N/A   ; Restricted to 420.17 MHz ( period = 2.380 ns ) ; keyboard:inst7|SHIFTIN[7]                                                                                    ; keyboard:inst7|SHIFTIN[6]                                                           ; CLOCK_50   ; CLOCK_50 ; None                        ; None                      ; 0.546 ns                ;
; N/A   ; Restricted to 420.17 MHz ( period = 2.380 ns ) ; keyboard:inst7|SHIFTIN[6]                                                                                    ; keyboard:inst7|SHIFTIN[5]                                                           ; CLOCK_50   ; CLOCK_50 ; None                        ; None                      ; 0.545 ns                ;
; N/A   ; Restricted to 420.17 MHz ( period = 2.380 ns ) ; keyboard:inst7|SHIFTIN[1]                                                                                    ; keyboard:inst7|SHIFTIN[0]                                                           ; CLOCK_50   ; CLOCK_50 ; None                        ; None                      ; 0.545 ns                ;
; N/A   ; Restricted to 420.17 MHz ( period = 2.380 ns ) ; keyboard:inst7|filter[6]                                                                                     ; keyboard:inst7|filter[5]                                                            ; CLOCK_50   ; CLOCK_50 ; None                        ; None                      ; 0.543 ns                ;
; N/A   ; Restricted to 420.17 MHz ( period = 2.380 ns ) ; keyboard:inst7|SHIFTIN[3]                                                                                    ; keyboard:inst7|SHIFTIN[2]                                                           ; CLOCK_50   ; CLOCK_50 ; None                        ; None                      ; 0.542 ns                ;
; N/A   ; Restricted to 420.17 MHz ( period = 2.380 ns ) ; keyboard:inst7|SHIFTIN[2]                                                                                    ; keyboard:inst7|SHIFTIN[1]                                                           ; CLOCK_50   ; CLOCK_50 ; None                        ; None                      ; 0.539 ns                ;
; N/A   ; Restricted to 420.17 MHz ( period = 2.380 ns ) ; keyboard:inst7|filter[7]                                                                                     ; keyboard:inst7|filter[6]                                                            ; CLOCK_50   ; CLOCK_50 ; None                        ; None                      ; 0.535 ns                ;
; N/A   ; Restricted to 420.17 MHz ( period = 2.380 ns ) ; keyboard:inst7|SHIFTIN[8]                                                                                    ; keyboard:inst7|SHIFTIN[7]                                                           ; CLOCK_50   ; CLOCK_50 ; None                        ; None                      ; 0.535 ns                ;
; N/A   ; Restricted to 420.17 MHz ( period = 2.380 ns ) ; keyboard:inst7|filter[1]                                                                                     ; keyboard:inst7|keyboard_clk_filtered                                                ; CLOCK_50   ; CLOCK_50 ; None                        ; None                      ; 1.550 ns                ;
; N/A   ; Restricted to 420.17 MHz ( period = 2.380 ns ) ; keyboard:inst7|filter[6]                                                                                     ; keyboard:inst7|keyboard_clk_filtered                                                ; CLOCK_50   ; CLOCK_50 ; None                        ; None                      ; 1.519 ns                ;
; N/A   ; Restricted to 420.17 MHz ( period = 2.380 ns ) ; keyboard:inst7|READ_CHAR                                                                                     ; keyboard:inst7|READ_CHAR                                                            ; CLOCK_50   ; CLOCK_50 ; None                        ; None                      ; 0.407 ns                ;
; N/A   ; Restricted to 420.17 MHz ( period = 2.380 ns ) ; keyboard:inst7|clock_enable                                                                                  ; keyboard:inst7|clock_enable                                                         ; CLOCK_50   ; CLOCK_50 ; None                        ; None                      ; 0.407 ns                ;
; N/A   ; Restricted to 420.17 MHz ( period = 2.380 ns ) ; keyboard:inst7|filter[5]                                                                                     ; keyboard:inst7|keyboard_clk_filtered                                                ; CLOCK_50   ; CLOCK_50 ; None                        ; None                      ; 1.444 ns                ;
; N/A   ; Restricted to 420.17 MHz ( period = 2.380 ns ) ; keyboard:inst7|filter[2]                                                                                     ; keyboard:inst7|keyboard_clk_filtered                                                ; CLOCK_50   ; CLOCK_50 ; None                        ; None                      ; 1.420 ns                ;
; N/A   ; Restricted to 420.17 MHz ( period = 2.380 ns ) ; keyboard:inst7|filter[7]                                                                                     ; keyboard:inst7|keyboard_clk_filtered                                                ; CLOCK_50   ; CLOCK_50 ; None                        ; None                      ; 1.275 ns                ;
; N/A   ; Restricted to 420.17 MHz ( period = 2.380 ns ) ; keyboard:inst7|clock_enable                                                                                  ; keyboard:inst7|keyboard_clk_filtered                                                ; CLOCK_50   ; CLOCK_50 ; None                        ; None                      ; 1.141 ns                ;
; N/A   ; Restricted to 420.17 MHz ( period = 2.380 ns ) ; keyboard:inst7|filter[0]                                                                                     ; keyboard:inst7|keyboard_clk_filtered                                                ; CLOCK_50   ; CLOCK_50 ; None                        ; None                      ; 1.108 ns                ;
+-------+------------------------------------------------+--------------------------------------------------------------------------------------------------------------+-------------------------------------------------------------------------------------+------------+----------+-----------------------------+---------------------------+-------------------------+


+-------------------------------------------------------------------------------------------------------------------------------------------------------------------------------------------------------------------------+
; Clock Hold: 'CLOCK_50'                                                                                                                                                                                                  ;
+------------------------------------------+--------------------------+--------------------------------------+------------+----------+----------------------------+----------------------------+--------------------------+
; Minimum Slack                            ; From                     ; To                                   ; From Clock ; To Clock ; Required Hold Relationship ; Required Shortest P2P Time ; Actual Shortest P2P Time ;
+------------------------------------------+--------------------------+--------------------------------------+------------+----------+----------------------------+----------------------------+--------------------------+
; Not operational: Clock Skew > Data Delay ; keyboard:inst7|filter[3] ; keyboard:inst7|keyboard_clk_filtered ; CLOCK_50   ; CLOCK_50 ; None                       ; None                       ; 0.805 ns                 ;
+------------------------------------------+--------------------------+--------------------------------------+------------+----------+----------------------------+----------------------------+--------------------------+


+--------------------------------------------------------------------------------------+
; tsu                                                                                  ;
+-------+--------------+------------+---------+-----------------------------+----------+
; Slack ; Required tsu ; Actual tsu ; From    ; To                          ; To Clock ;
+-------+--------------+------------+---------+-----------------------------+----------+
; N/A   ; None         ; 4.258 ns   ; PS2_CLK ; keyboard:inst7|filter[7]    ; CLOCK_50 ;
; N/A   ; None         ; 1.308 ns   ; KEY[3]  ; keyboard:inst7|SHIFTIN[7]   ; CLOCK_50 ;
; N/A   ; None         ; 1.308 ns   ; KEY[3]  ; keyboard:inst7|SHIFTIN[8]   ; CLOCK_50 ;
; N/A   ; None         ; 1.308 ns   ; KEY[3]  ; keyboard:inst7|SHIFTIN[6]   ; CLOCK_50 ;
; N/A   ; None         ; 1.308 ns   ; KEY[3]  ; keyboard:inst7|SHIFTIN[5]   ; CLOCK_50 ;
; N/A   ; None         ; 1.308 ns   ; KEY[3]  ; keyboard:inst7|SHIFTIN[4]   ; CLOCK_50 ;
; N/A   ; None         ; 1.308 ns   ; KEY[3]  ; keyboard:inst7|SHIFTIN[3]   ; CLOCK_50 ;
; N/A   ; None         ; 1.308 ns   ; KEY[3]  ; keyboard:inst7|SHIFTIN[2]   ; CLOCK_50 ;
; N/A   ; None         ; 1.308 ns   ; KEY[3]  ; keyboard:inst7|SHIFTIN[1]   ; CLOCK_50 ;
; N/A   ; None         ; 1.308 ns   ; KEY[3]  ; keyboard:inst7|SHIFTIN[0]   ; CLOCK_50 ;
; N/A   ; None         ; 1.297 ns   ; KEY[3]  ; keyboard:inst7|scan_code[0] ; CLOCK_50 ;
; N/A   ; None         ; 1.286 ns   ; KEY[3]  ; keyboard:inst7|INCNT[0]     ; CLOCK_50 ;
; N/A   ; None         ; 1.286 ns   ; KEY[3]  ; keyboard:inst7|INCNT[2]     ; CLOCK_50 ;
; N/A   ; None         ; 1.286 ns   ; KEY[3]  ; keyboard:inst7|INCNT[3]     ; CLOCK_50 ;
; N/A   ; None         ; 1.286 ns   ; KEY[3]  ; keyboard:inst7|INCNT[1]     ; CLOCK_50 ;
; N/A   ; None         ; 1.118 ns   ; KEY[3]  ; keyboard:inst7|scan_code[7] ; CLOCK_50 ;
; N/A   ; None         ; 1.118 ns   ; KEY[3]  ; keyboard:inst7|scan_code[6] ; CLOCK_50 ;
; N/A   ; None         ; 1.118 ns   ; KEY[3]  ; keyboard:inst7|scan_code[5] ; CLOCK_50 ;
; N/A   ; None         ; 1.118 ns   ; KEY[3]  ; keyboard:inst7|scan_code[4] ; CLOCK_50 ;
; N/A   ; None         ; 1.118 ns   ; KEY[3]  ; keyboard:inst7|scan_code[3] ; CLOCK_50 ;
; N/A   ; None         ; 1.118 ns   ; KEY[3]  ; keyboard:inst7|scan_code[2] ; CLOCK_50 ;
; N/A   ; None         ; 1.118 ns   ; KEY[3]  ; keyboard:inst7|scan_code[1] ; CLOCK_50 ;
; N/A   ; None         ; 0.864 ns   ; PS2_DAT ; keyboard:inst7|READ_CHAR    ; CLOCK_50 ;
; N/A   ; None         ; 0.861 ns   ; PS2_DAT ; keyboard:inst7|SHIFTIN[8]   ; CLOCK_50 ;
; N/A   ; None         ; 0.561 ns   ; KEY[3]  ; keyboard:inst7|READ_CHAR    ; CLOCK_50 ;
+-------+--------------+------------+---------+-----------------------------+----------+


+------------------------------------------------------------------------------------------------------------------------------------------------+
; tco                                                                                                                                            ;
+-------+--------------+------------+-------------------------------------------------------------------------------------+---------+------------+
; Slack ; Required tco ; Actual tco ; From                                                                                ; To      ; From Clock ;
+-------+--------------+------------+-------------------------------------------------------------------------------------+---------+------------+
; N/A   ; None         ; 9.248 ns   ; reg8:inst9|state[5]                                                                 ; LEDR[0] ; CLOCK_50   ;
; N/A   ; None         ; 9.204 ns   ; reg8:inst9|state[6]                                                                 ; LEDR[0] ; CLOCK_50   ;
; N/A   ; None         ; 8.999 ns   ; reg8:inst9|state[3]                                                                 ; LEDR[0] ; CLOCK_50   ;
; N/A   ; None         ; 8.981 ns   ; reg8:inst9|state[7]                                                                 ; LEDR[0] ; CLOCK_50   ;
; N/A   ; None         ; 8.954 ns   ; reg8:inst9|state[2]                                                                 ; LEDR[0] ; CLOCK_50   ;
; N/A   ; None         ; 8.848 ns   ; reg8:inst9|state[4]                                                                 ; LEDR[0] ; CLOCK_50   ;
; N/A   ; None         ; 8.547 ns   ; reg8:inst9|state[0]                                                                 ; LEDR[0] ; CLOCK_50   ;
; N/A   ; None         ; 8.425 ns   ; reg8:inst9|state[1]                                                                 ; LEDR[0] ; CLOCK_50   ;
; N/A   ; None         ; 6.634 ns   ; lpm_rom0:inst|altsyncram:altsyncram_component|altsyncram_g381:auto_generated|q_a[4] ; HEX0[4] ; CLOCK_50   ;
; N/A   ; None         ; 6.631 ns   ; lpm_rom0:inst|altsyncram:altsyncram_component|altsyncram_g381:auto_generated|q_a[3] ; HEX0[3] ; CLOCK_50   ;
; N/A   ; None         ; 6.631 ns   ; lpm_rom0:inst|altsyncram:altsyncram_component|altsyncram_g381:auto_generated|q_a[6] ; HEX0[6] ; CLOCK_50   ;
; N/A   ; None         ; 6.629 ns   ; lpm_rom0:inst|altsyncram:altsyncram_component|altsyncram_g381:auto_generated|q_a[5] ; HEX0[5] ; CLOCK_50   ;
; N/A   ; None         ; 6.606 ns   ; lpm_rom0:inst|altsyncram:altsyncram_component|altsyncram_g381:auto_generated|q_a[0] ; HEX0[0] ; CLOCK_50   ;
; N/A   ; None         ; 6.366 ns   ; lpm_rom0:inst|altsyncram:altsyncram_component|altsyncram_g381:auto_generated|q_a[2] ; HEX0[2] ; CLOCK_50   ;
; N/A   ; None         ; 6.356 ns   ; lpm_rom0:inst|altsyncram:altsyncram_component|altsyncram_g381:auto_generated|q_a[1] ; HEX0[1] ; CLOCK_50   ;
+-------+--------------+------------+-------------------------------------------------------------------------------------+---------+------------+


+--------------------------------------------------------------------------------------------+
; th                                                                                         ;
+---------------+-------------+-----------+---------+-----------------------------+----------+
; Minimum Slack ; Required th ; Actual th ; From    ; To                          ; To Clock ;
+---------------+-------------+-----------+---------+-----------------------------+----------+
; N/A           ; None        ; -0.331 ns ; KEY[3]  ; keyboard:inst7|READ_CHAR    ; CLOCK_50 ;
; N/A           ; None        ; -0.447 ns ; KEY[3]  ; keyboard:inst7|INCNT[2]     ; CLOCK_50 ;
; N/A           ; None        ; -0.450 ns ; KEY[3]  ; keyboard:inst7|INCNT[3]     ; CLOCK_50 ;
; N/A           ; None        ; -0.556 ns ; KEY[3]  ; keyboard:inst7|INCNT[0]     ; CLOCK_50 ;
; N/A           ; None        ; -0.560 ns ; KEY[3]  ; keyboard:inst7|INCNT[1]     ; CLOCK_50 ;
; N/A           ; None        ; -0.631 ns ; PS2_DAT ; keyboard:inst7|SHIFTIN[8]   ; CLOCK_50 ;
; N/A           ; None        ; -0.634 ns ; PS2_DAT ; keyboard:inst7|READ_CHAR    ; CLOCK_50 ;
; N/A           ; None        ; -0.888 ns ; KEY[3]  ; keyboard:inst7|scan_code[7] ; CLOCK_50 ;
; N/A           ; None        ; -0.888 ns ; KEY[3]  ; keyboard:inst7|scan_code[6] ; CLOCK_50 ;
; N/A           ; None        ; -0.888 ns ; KEY[3]  ; keyboard:inst7|scan_code[5] ; CLOCK_50 ;
; N/A           ; None        ; -0.888 ns ; KEY[3]  ; keyboard:inst7|scan_code[4] ; CLOCK_50 ;
; N/A           ; None        ; -0.888 ns ; KEY[3]  ; keyboard:inst7|scan_code[3] ; CLOCK_50 ;
; N/A           ; None        ; -0.888 ns ; KEY[3]  ; keyboard:inst7|scan_code[2] ; CLOCK_50 ;
; N/A           ; None        ; -0.888 ns ; KEY[3]  ; keyboard:inst7|scan_code[1] ; CLOCK_50 ;
; N/A           ; None        ; -1.067 ns ; KEY[3]  ; keyboard:inst7|scan_code[0] ; CLOCK_50 ;
; N/A           ; None        ; -1.078 ns ; KEY[3]  ; keyboard:inst7|SHIFTIN[7]   ; CLOCK_50 ;
; N/A           ; None        ; -1.078 ns ; KEY[3]  ; keyboard:inst7|SHIFTIN[8]   ; CLOCK_50 ;
; N/A           ; None        ; -1.078 ns ; KEY[3]  ; keyboard:inst7|SHIFTIN[6]   ; CLOCK_50 ;
; N/A           ; None        ; -1.078 ns ; KEY[3]  ; keyboard:inst7|SHIFTIN[5]   ; CLOCK_50 ;
; N/A           ; None        ; -1.078 ns ; KEY[3]  ; keyboard:inst7|SHIFTIN[4]   ; CLOCK_50 ;
; N/A           ; None        ; -1.078 ns ; KEY[3]  ; keyboard:inst7|SHIFTIN[3]   ; CLOCK_50 ;
; N/A           ; None        ; -1.078 ns ; KEY[3]  ; keyboard:inst7|SHIFTIN[2]   ; CLOCK_50 ;
; N/A           ; None        ; -1.078 ns ; KEY[3]  ; keyboard:inst7|SHIFTIN[1]   ; CLOCK_50 ;
; N/A           ; None        ; -1.078 ns ; KEY[3]  ; keyboard:inst7|SHIFTIN[0]   ; CLOCK_50 ;
; N/A           ; None        ; -4.028 ns ; PS2_CLK ; keyboard:inst7|filter[7]    ; CLOCK_50 ;
+---------------+-------------+-----------+---------+-----------------------------+----------+


+--------------------------+
; Timing Analyzer Messages ;
+--------------------------+
Info: *******************************************************************
Info: Running Quartus II Classic Timing Analyzer
    Info: Version 9.1 Build 350 03/24/2010 Service Pack 2 SJ Web Edition
    Info: Processing started: Mon May 21 19:22:32 2018
Info: Command: quartus_tan --read_settings_files=off --write_settings_files=off convert_and_display -c convert_and_display --timing_analysis_only
Warning: Found pins functioning as undefined clocks and/or memory enables
    Info: Assuming node "CLOCK_50" is an undefined clock
Warning: Found 1 node(s) in clock paths which may be acting as ripple and/or gated clocks -- node(s) analyzed as buffer(s) resulting in clock skew
    Info: Detected ripple clock "keyboard:inst7|keyboard_clk_filtered" as buffer
Info: Clock "CLOCK_50" has Internal fmax of 212.68 MHz between source register "keyboard:inst7|scan_code[1]" and destination register "reg8:inst9|state[1]" (period= 4.702 ns)
    Info: + Longest register to register delay is 0.812 ns
        Info: 1: + IC(0.000 ns) + CELL(0.000 ns) = 0.000 ns; Loc. = LCFF_X35_Y12_N31; Fanout = 1; REG Node = 'keyboard:inst7|scan_code[1]'
        Info: 2: + IC(0.446 ns) + CELL(0.366 ns) = 0.812 ns; Loc. = LCFF_X36_Y12_N1; Fanout = 1; REG Node = 'reg8:inst9|state[1]'
        Info: Total cell delay = 0.366 ns ( 45.07 % )
        Info: Total interconnect delay = 0.446 ns ( 54.93 % )
    Info: - Smallest clock skew is -3.676 ns
        Info: + Shortest clock path from clock "CLOCK_50" to destination register is 2.650 ns
            Info: 1: + IC(0.000 ns) + CELL(0.999 ns) = 0.999 ns; Loc. = PIN_N2; Fanout = 2; CLK Node = 'CLOCK_50'
            Info: 2: + IC(0.118 ns) + CELL(0.000 ns) = 1.117 ns; Loc. = CLKCTRL_G2; Fanout = 25; COMB Node = 'CLOCK_50~clkctrl'
            Info: 3: + IC(0.996 ns) + CELL(0.537 ns) = 2.650 ns; Loc. = LCFF_X36_Y12_N1; Fanout = 1; REG Node = 'reg8:inst9|state[1]'
            Info: Total cell delay = 1.536 ns ( 57.96 % )
            Info: Total interconnect delay = 1.114 ns ( 42.04 % )
        Info: - Longest clock path from clock "CLOCK_50" to source register is 6.326 ns
            Info: 1: + IC(0.000 ns) + CELL(0.999 ns) = 0.999 ns; Loc. = PIN_N2; Fanout = 2; CLK Node = 'CLOCK_50'
            Info: 2: + IC(2.253 ns) + CELL(0.787 ns) = 4.039 ns; Loc. = LCFF_X32_Y35_N9; Fanout = 4; REG Node = 'keyboard:inst7|keyboard_clk_filtered'
            Info: 3: + IC(0.765 ns) + CELL(0.000 ns) = 4.804 ns; Loc. = CLKCTRL_G10; Fanout = 22; COMB Node = 'keyboard:inst7|keyboard_clk_filtered~clkctrl'
            Info: 4: + IC(0.985 ns) + CELL(0.537 ns) = 6.326 ns; Loc. = LCFF_X35_Y12_N31; Fanout = 1; REG Node = 'keyboard:inst7|scan_code[1]'
            Info: Total cell delay = 2.323 ns ( 36.72 % )
            Info: Total interconnect delay = 4.003 ns ( 63.28 % )
    Info: + Micro clock to output delay of source is 0.250 ns
    Info: + Micro setup delay of destination is -0.036 ns
Warning: Circuit may not operate. Detected 1 non-operational path(s) clocked by clock "CLOCK_50" with clock skew larger than data delay. See Compilation Report for details.
Info: Found hold time violation between source  pin or register "keyboard:inst7|filter[3]" and destination pin or register "keyboard:inst7|keyboard_clk_filtered" for clock "CLOCK_50" (Hold time is 300 ps)
    Info: + Largest clock skew is 1.089 ns
        Info: + Longest clock path from clock "CLOCK_50" to destination register is 3.789 ns
            Info: 1: + IC(0.000 ns) + CELL(0.999 ns) = 0.999 ns; Loc. = PIN_N2; Fanout = 2; CLK Node = 'CLOCK_50'
            Info: 2: + IC(2.253 ns) + CELL(0.537 ns) = 3.789 ns; Loc. = LCFF_X32_Y35_N9; Fanout = 4; REG Node = 'keyboard:inst7|keyboard_clk_filtered'
            Info: Total cell delay = 1.536 ns ( 40.54 % )
            Info: Total interconnect delay = 2.253 ns ( 59.46 % )
        Info: - Shortest clock path from clock "CLOCK_50" to source register is 2.700 ns
            Info: 1: + IC(0.000 ns) + CELL(0.999 ns) = 0.999 ns; Loc. = PIN_N2; Fanout = 2; CLK Node = 'CLOCK_50'
            Info: 2: + IC(0.118 ns) + CELL(0.000 ns) = 1.117 ns; Loc. = CLKCTRL_G2; Fanout = 25; COMB Node = 'CLOCK_50~clkctrl'
            Info: 3: + IC(1.046 ns) + CELL(0.537 ns) = 2.700 ns; Loc. = LCFF_X32_Y35_N27; Fanout = 2; REG Node = 'keyboard:inst7|filter[3]'
            Info: Total cell delay = 1.536 ns ( 56.89 % )
            Info: Total interconnect delay = 1.164 ns ( 43.11 % )
    Info: - Micro clock to output delay of source is 0.250 ns
    Info: - Shortest register to register delay is 0.805 ns
        Info: 1: + IC(0.000 ns) + CELL(0.000 ns) = 0.000 ns; Loc. = LCFF_X32_Y35_N27; Fanout = 2; REG Node = 'keyboard:inst7|filter[3]'
        Info: 2: + IC(0.000 ns) + CELL(0.323 ns) = 0.323 ns; Loc. = LCCOMB_X32_Y35_N26; Fanout = 1; COMB Node = 'keyboard:inst7|keyboard_clk_filtered~1'
        Info: 3: + IC(0.248 ns) + CELL(0.150 ns) = 0.721 ns; Loc. = LCCOMB_X32_Y35_N8; Fanout = 1; COMB Node = 'keyboard:inst7|keyboard_clk_filtered~3'
        Info: 4: + IC(0.000 ns) + CELL(0.084 ns) = 0.805 ns; Loc. = LCFF_X32_Y35_N9; Fanout = 4; REG Node = 'keyboard:inst7|keyboard_clk_filtered'
        Info: Total cell delay = 0.557 ns ( 69.19 % )
        Info: Total interconnect delay = 0.248 ns ( 30.81 % )
    Info: + Micro hold delay of destination is 0.266 ns
Info: tsu for register "keyboard:inst7|filter[7]" (data pin = "PS2_CLK", clock pin = "CLOCK_50") is 4.258 ns
    Info: + Longest pin to register delay is 6.994 ns
        Info: 1: + IC(0.000 ns) + CELL(0.872 ns) = 0.872 ns; Loc. = PIN_D26; Fanout = 1; PIN Node = 'PS2_CLK'
        Info: 2: + IC(5.756 ns) + CELL(0.366 ns) = 6.994 ns; Loc. = LCFF_X32_Y35_N13; Fanout = 2; REG Node = 'keyboard:inst7|filter[7]'
        Info: Total cell delay = 1.238 ns ( 17.70 % )
        Info: Total interconnect delay = 5.756 ns ( 82.30 % )
    Info: + Micro setup delay of destination is -0.036 ns
    Info: - Shortest clock path from clock "CLOCK_50" to destination register is 2.700 ns
        Info: 1: + IC(0.000 ns) + CELL(0.999 ns) = 0.999 ns; Loc. = PIN_N2; Fanout = 2; CLK Node = 'CLOCK_50'
        Info: 2: + IC(0.118 ns) + CELL(0.000 ns) = 1.117 ns; Loc. = CLKCTRL_G2; Fanout = 25; COMB Node = 'CLOCK_50~clkctrl'
        Info: 3: + IC(1.046 ns) + CELL(0.537 ns) = 2.700 ns; Loc. = LCFF_X32_Y35_N13; Fanout = 2; REG Node = 'keyboard:inst7|filter[7]'
        Info: Total cell delay = 1.536 ns ( 56.89 % )
        Info: Total interconnect delay = 1.164 ns ( 43.11 % )
Info: tco from clock "CLOCK_50" to destination pin "LEDR[0]" through register "reg8:inst9|state[5]" is 9.248 ns
    Info: + Longest clock path from clock "CLOCK_50" to source register is 2.648 ns
        Info: 1: + IC(0.000 ns) + CELL(0.999 ns) = 0.999 ns; Loc. = PIN_N2; Fanout = 2; CLK Node = 'CLOCK_50'
        Info: 2: + IC(0.118 ns) + CELL(0.000 ns) = 1.117 ns; Loc. = CLKCTRL_G2; Fanout = 25; COMB Node = 'CLOCK_50~clkctrl'
        Info: 3: + IC(0.994 ns) + CELL(0.537 ns) = 2.648 ns; Loc. = LCFF_X35_Y12_N13; Fanout = 1; REG Node = 'reg8:inst9|state[5]'
        Info: Total cell delay = 1.536 ns ( 58.01 % )
        Info: Total interconnect delay = 1.112 ns ( 41.99 % )
    Info: + Micro clock to output delay of source is 0.250 ns
    Info: + Longest register to pin delay is 6.350 ns
        Info: 1: + IC(0.000 ns) + CELL(0.000 ns) = 0.000 ns; Loc. = LCFF_X35_Y12_N13; Fanout = 1; REG Node = 'reg8:inst9|state[5]'
        Info: 2: + IC(0.325 ns) + CELL(0.398 ns) = 0.723 ns; Loc. = LCCOMB_X35_Y12_N14; Fanout = 1; COMB Node = 'COMPARE:inst5|Equal0~0'
        Info: 3: + IC(0.403 ns) + CELL(0.413 ns) = 1.539 ns; Loc. = LCCOMB_X36_Y12_N20; Fanout = 1; COMB Node = 'COMPARE:inst5|Equal0~2'
        Info: 4: + IC(1.993 ns) + CELL(2.818 ns) = 6.350 ns; Loc. = PIN_AE23; Fanout = 0; PIN Node = 'LEDR[0]'
        Info: Total cell delay = 3.629 ns ( 57.15 % )
        Info: Total interconnect delay = 2.721 ns ( 42.85 % )
Info: th for register "keyboard:inst7|READ_CHAR" (data pin = "KEY[3]", clock pin = "CLOCK_50") is -0.331 ns
    Info: + Longest clock path from clock "CLOCK_50" to destination register is 6.325 ns
        Info: 1: + IC(0.000 ns) + CELL(0.999 ns) = 0.999 ns; Loc. = PIN_N2; Fanout = 2; CLK Node = 'CLOCK_50'
        Info: 2: + IC(2.253 ns) + CELL(0.787 ns) = 4.039 ns; Loc. = LCFF_X32_Y35_N9; Fanout = 4; REG Node = 'keyboard:inst7|keyboard_clk_filtered'
        Info: 3: + IC(0.765 ns) + CELL(0.000 ns) = 4.804 ns; Loc. = CLKCTRL_G10; Fanout = 22; COMB Node = 'keyboard:inst7|keyboard_clk_filtered~clkctrl'
        Info: 4: + IC(0.984 ns) + CELL(0.537 ns) = 6.325 ns; Loc. = LCFF_X34_Y12_N17; Fanout = 4; REG Node = 'keyboard:inst7|READ_CHAR'
        Info: Total cell delay = 2.323 ns ( 36.73 % )
        Info: Total interconnect delay = 4.002 ns ( 63.27 % )
    Info: + Micro hold delay of destination is 0.266 ns
    Info: - Shortest pin to register delay is 6.922 ns
        Info: 1: + IC(0.000 ns) + CELL(0.862 ns) = 0.862 ns; Loc. = PIN_W26; Fanout = 9; PIN Node = 'KEY[3]'
        Info: 2: + IC(5.550 ns) + CELL(0.510 ns) = 6.922 ns; Loc. = LCFF_X34_Y12_N17; Fanout = 4; REG Node = 'keyboard:inst7|READ_CHAR'
        Info: Total cell delay = 1.372 ns ( 19.82 % )
        Info: Total interconnect delay = 5.550 ns ( 80.18 % )
Info: Quartus II Classic Timing Analyzer was successful. 0 errors, 3 warnings
    Info: Peak virtual memory: 168 megabytes
    Info: Processing ended: Mon May 21 19:22:33 2018
    Info: Elapsed time: 00:00:01
    Info: Total CPU time (on all processors): 00:00:00


